---------------------------------------------------------------
[ 2018-03-24T19:01:49+08:00 ] 113.44.168.46 GET /tp5/public/
[ info ] www.flylin.com.cn/tp5/public/ [运行时间：0.196146s][吞吐率：5.10req/s] [内存消耗：307.13kb] [文件加载：36]
[ info ] [ LANG ] /mnt/code/tp5/thinkphp/lang/zh-cn.php
[ info ] [ ROUTE ] array (
  'type' => 'module',
  'module' => 
  array (
    0 => '',
    1 => NULL,
    2 => NULL,
  ),
)
[ info ] [ HEADER ] array (
  'host' => 'www.flylin.com.cn',
  'connection' => 'keep-alive',
  'upgrade-insecure-requests' => '1',
  'user-agent' => 'Mozilla/5.0 (Windows NT 10.0; WOW64) AppleWebKit/537.36 (KHTML, like Gecko) Chrome/62.0.3202.94 Safari/537.36',
  'accept' => 'text/html,application/xhtml+xml,application/xml;q=0.9,image/webp,image/apng,*/*;q=0.8',
  'referer' => 'http://llc.flylin.com.cn/',
  'accept-encoding' => 'gzip, deflate',
  'accept-language' => 'zh-CN,zh;q=0.9',
  'cookie' => 'pgv_pvi=5634748416',
)
[ info ] [ PARAM ] array (
)
[ info ] [ RUN ] app\index\controller\Index->index[ /mnt/code/tp5/application/index/controller/Index.php ]
[ info ] [ LOG ] INIT File
---------------------------------------------------------------
[ 2018-03-24T19:04:46+08:00 ] 113.44.168.46 GET /tp5/public/login/login/login
[ info ] www.flylin.com.cn/tp5/public/login/login/login [运行时间：0.055502s][吞吐率：18.02req/s] [内存消耗：255.26kb] [文件加载：44]
[ info ] [ LANG ] /mnt/code/tp5/thinkphp/lang/zh-cn.php
[ info ] [ ROUTE ] array (
  'type' => 'module',
  'module' => 
  array (
    0 => 'login',
    1 => 'login',
    2 => 'login',
  ),
)
[ info ] [ HEADER ] array (
  'host' => 'www.flylin.com.cn',
  'connection' => 'keep-alive',
  'upgrade-insecure-requests' => '1',
  'user-agent' => 'Mozilla/5.0 (Windows NT 10.0; WOW64) AppleWebKit/537.36 (KHTML, like Gecko) Chrome/62.0.3202.94 Safari/537.36',
  'accept' => 'text/html,application/xhtml+xml,application/xml;q=0.9,image/webp,image/apng,*/*;q=0.8',
  'referer' => 'http://llc.flylin.com.cn/',
  'accept-encoding' => 'gzip, deflate',
  'accept-language' => 'zh-CN,zh;q=0.9',
  'cookie' => 'pgv_pvi=5634748416; pgv_si=s1446831104',
)
[ info ] [ PARAM ] array (
)
[ info ] [ RUN ] app\login\controller\Login->login[ /mnt/code/tp5/application/login/controller/Login.php ]
[ info ] [ VIEW ] /mnt/code/tp5/public/../application/login/view/login/login.html [ array (
) ]
[ info ] [ LOG ] INIT File
---------------------------------------------------------------
[ 2018-03-24T19:04:46+08:00 ] 113.44.168.46 GET /tp5/public/captcha.html
[ info ] www.flylin.com.cn/tp5/public/captcha.html [运行时间：0.017636s][吞吐率：56.70req/s] [内存消耗：180.59kb] [文件加载：37]
[ info ] [ LANG ] /mnt/code/tp5/thinkphp/lang/zh-cn.php
[ info ] [ ROUTE ] array (
  'type' => 'method',
  'method' => 
  array (
    0 => '\\think\\captcha\\CaptchaController',
    1 => 'index',
  ),
  'var' => 
  array (
  ),
)
[ info ] [ HEADER ] array (
  'host' => 'www.flylin.com.cn',
  'connection' => 'keep-alive',
  'user-agent' => 'Mozilla/5.0 (Windows NT 10.0; WOW64) AppleWebKit/537.36 (KHTML, like Gecko) Chrome/62.0.3202.94 Safari/537.36',
  'accept' => 'image/webp,image/apng,image/*,*/*;q=0.8',
  'referer' => 'http://www.flylin.com.cn/tp5/public/login/login/login',
  'accept-encoding' => 'gzip, deflate',
  'accept-language' => 'zh-CN,zh;q=0.9',
  'cookie' => 'pgv_pvi=5634748416; pgv_si=s1446831104',
)
[ info ] [ PARAM ] array (
  'id' => NULL,
)
[ info ] [ RUN ] think\captcha\CaptchaController->index[ /mnt/code/tp5/vendor/topthink/think-captcha/src/CaptchaController.php ]
[ info ] [ SESSION ] INIT array (
  'id' => '',
  'var_session_id' => '',
  'prefix' => 'think',
  'type' => '',
  'auto_start' => true,
)
[ info ] [ LOG ] INIT File
---------------------------------------------------------------
[ 2018-03-24T19:04:55+08:00 ] 113.44.168.46 GET /tp5/public/captcha.html?
[ info ] www.flylin.com.cn/tp5/public/captcha.html? [运行时间：0.003302s][吞吐率：302.86req/s] [内存消耗：179.63kb] [文件加载：37]
[ info ] [ LANG ] /mnt/code/tp5/thinkphp/lang/zh-cn.php
[ info ] [ ROUTE ] array (
  'type' => 'method',
  'method' => 
  array (
    0 => '\\think\\captcha\\CaptchaController',
    1 => 'index',
  ),
  'var' => 
  array (
  ),
)
[ info ] [ HEADER ] array (
  'host' => 'www.flylin.com.cn',
  'connection' => 'keep-alive',
  'user-agent' => 'Mozilla/5.0 (Windows NT 10.0; WOW64) AppleWebKit/537.36 (KHTML, like Gecko) Chrome/62.0.3202.94 Safari/537.36',
  'accept' => 'image/webp,image/apng,image/*,*/*;q=0.8',
  'referer' => 'http://www.flylin.com.cn/tp5/public/login/login/login',
  'accept-encoding' => 'gzip, deflate',
  'accept-language' => 'zh-CN,zh;q=0.9',
  'cookie' => 'pgv_pvi=5634748416; pgv_si=s1446831104; PHPSESSID=s00f73udjr2a45kf9eprdrc6e2',
)
[ info ] [ PARAM ] array (
  'id' => NULL,
)
[ info ] [ RUN ] think\captcha\CaptchaController->index[ /mnt/code/tp5/vendor/topthink/think-captcha/src/CaptchaController.php ]
[ info ] [ SESSION ] INIT array (
  'id' => '',
  'var_session_id' => '',
  'prefix' => 'think',
  'type' => '',
  'auto_start' => true,
)
[ info ] [ LOG ] INIT File
---------------------------------------------------------------
[ 2018-03-24T19:04:57+08:00 ] 113.44.168.46 GET /tp5/public/captcha.html??
[ info ] www.flylin.com.cn/tp5/public/captcha.html?? [运行时间：0.002458s][吞吐率：406.82req/s] [内存消耗：179.95kb] [文件加载：37]
[ info ] [ LANG ] /mnt/code/tp5/thinkphp/lang/zh-cn.php
[ info ] [ ROUTE ] array (
  'type' => 'method',
  'method' => 
  array (
    0 => '\\think\\captcha\\CaptchaController',
    1 => 'index',
  ),
  'var' => 
  array (
  ),
)
[ info ] [ HEADER ] array (
  'host' => 'www.flylin.com.cn',
  'connection' => 'keep-alive',
  'user-agent' => 'Mozilla/5.0 (Windows NT 10.0; WOW64) AppleWebKit/537.36 (KHTML, like Gecko) Chrome/62.0.3202.94 Safari/537.36',
  'accept' => 'image/webp,image/apng,image/*,*/*;q=0.8',
  'referer' => 'http://www.flylin.com.cn/tp5/public/login/login/login',
  'accept-encoding' => 'gzip, deflate',
  'accept-language' => 'zh-CN,zh;q=0.9',
  'cookie' => 'pgv_pvi=5634748416; pgv_si=s1446831104; PHPSESSID=s00f73udjr2a45kf9eprdrc6e2',
)
[ info ] [ PARAM ] array (
  '?' => '',
  'id' => NULL,
)
[ info ] [ RUN ] think\captcha\CaptchaController->index[ /mnt/code/tp5/vendor/topthink/think-captcha/src/CaptchaController.php ]
[ info ] [ SESSION ] INIT array (
  'id' => '',
  'var_session_id' => '',
  'prefix' => 'think',
  'type' => '',
  'auto_start' => true,
)
[ info ] [ LOG ] INIT File
---------------------------------------------------------------
[ 2018-03-24T19:05:05+08:00 ] 113.44.168.46 POST /tp5/public/login/login/loginIndex
[ info ] www.flylin.com.cn/tp5/public/login/login/loginIndex [运行时间：0.234517s][吞吐率：4.26req/s] [内存消耗：565.67kb] [文件加载：56]
[ info ] [ LANG ] /mnt/code/tp5/thinkphp/lang/zh-cn.php
[ info ] [ ROUTE ] array (
  'type' => 'module',
  'module' => 
  array (
    0 => 'login',
    1 => 'login',
    2 => 'loginIndex',
  ),
)
[ info ] [ HEADER ] array (
  'host' => 'www.flylin.com.cn',
  'connection' => 'keep-alive',
  'content-length' => '36',
  'cache-control' => 'max-age=0',
  'origin' => 'http://www.flylin.com.cn',
  'upgrade-insecure-requests' => '1',
  'content-type' => 'application/x-www-form-urlencoded',
  'user-agent' => 'Mozilla/5.0 (Windows NT 10.0; WOW64) AppleWebKit/537.36 (KHTML, like Gecko) Chrome/62.0.3202.94 Safari/537.36',
  'accept' => 'text/html,application/xhtml+xml,application/xml;q=0.9,image/webp,image/apng,*/*;q=0.8',
  'referer' => 'http://www.flylin.com.cn/tp5/public/login/login/login',
  'accept-encoding' => 'gzip, deflate',
  'accept-language' => 'zh-CN,zh;q=0.9',
  'cookie' => 'pgv_pvi=5634748416; pgv_si=s1446831104; PHPSESSID=s00f73udjr2a45kf9eprdrc6e2',
)
[ info ] [ PARAM ] array (
  'name' => '2222',
  'password' => '222222',
  'code' => 'ebbk2',
)
[ info ] [ RUN ] app\login\controller\Login->loginIndex[ /mnt/code/tp5/application/login/controller/Login.php ]
[ info ] [ DB ] INIT mysql
[ info ] [ SESSION ] INIT array (
  'id' => '',
  'var_session_id' => '',
  'prefix' => 'think',
  'type' => '',
  'auto_start' => true,
)
[ info ] [ LOG ] INIT File
[ sql ] [ DB ] CONNECT:[ UseTime:0.017296s ] mysql:host=127.0.0.1;port=3306;dbname=blog;charset=utf8
[ sql ] [ SQL ] SHOW COLUMNS FROM `user` [ RunTime:0.167834s ]
[ sql ] [ SQL ] SELECT * FROM `user` WHERE (  `name` = '2222' ) AND `user`.`delete_time` IS NULL LIMIT 1 [ RunTime:0.003135s ]
---------------------------------------------------------------
[ 2018-03-24T19:05:05+08:00 ] 113.44.168.46 GET /tp5/public/admin/index/index.html
[ info ] www.flylin.com.cn/tp5/public/admin/index/index.html [运行时间：0.026429s][吞吐率：37.84req/s] [内存消耗：280.94kb] [文件加载：47]
[ info ] [ LANG ] /mnt/code/tp5/thinkphp/lang/zh-cn.php
[ info ] [ ROUTE ] array (
  'type' => 'module',
  'module' => 
  array (
    0 => 'admin',
    1 => 'index',
    2 => 'index',
  ),
)
[ info ] [ HEADER ] array (
  'host' => 'www.flylin.com.cn',
  'connection' => 'keep-alive',
  'cache-control' => 'max-age=0',
  'upgrade-insecure-requests' => '1',
  'user-agent' => 'Mozilla/5.0 (Windows NT 10.0; WOW64) AppleWebKit/537.36 (KHTML, like Gecko) Chrome/62.0.3202.94 Safari/537.36',
  'accept' => 'text/html,application/xhtml+xml,application/xml;q=0.9,image/webp,image/apng,*/*;q=0.8',
  'referer' => 'http://www.flylin.com.cn/tp5/public/login/login/login',
  'accept-encoding' => 'gzip, deflate',
  'accept-language' => 'zh-CN,zh;q=0.9',
  'cookie' => 'pgv_pvi=5634748416; pgv_si=s1446831104; PHPSESSID=s00f73udjr2a45kf9eprdrc6e2',
)
[ info ] [ PARAM ] array (
)
[ info ] [ SESSION ] INIT array (
  'id' => '',
  'var_session_id' => '',
  'prefix' => 'think',
  'type' => '',
  'auto_start' => true,
)
[ info ] [ RUN ] app\admin\controller\index->index[ /mnt/code/tp5/application/admin/controller/Index.php ]
[ info ] [ VIEW ] /mnt/code/tp5/public/../application/admin/view/index/index.html [ array (
) ]
[ info ] [ LOG ] INIT File
---------------------------------------------------------------
[ 2018-03-24T19:05:08+08:00 ] 113.44.168.46 GET /tp5/public/admin/category/index.html
[ info ] www.flylin.com.cn/tp5/public/admin/category/index.html [运行时间：0.018851s][吞吐率：53.05req/s] [内存消耗：507.41kb] [文件加载：55]
[ info ] [ LANG ] /mnt/code/tp5/thinkphp/lang/zh-cn.php
[ info ] [ ROUTE ] array (
  'type' => 'module',
  'module' => 
  array (
    0 => 'admin',
    1 => 'category',
    2 => 'index',
  ),
)
[ info ] [ HEADER ] array (
  'host' => 'www.flylin.com.cn',
  'connection' => 'keep-alive',
  'upgrade-insecure-requests' => '1',
  'user-agent' => 'Mozilla/5.0 (Windows NT 10.0; WOW64) AppleWebKit/537.36 (KHTML, like Gecko) Chrome/62.0.3202.94 Safari/537.36',
  'accept' => 'text/html,application/xhtml+xml,application/xml;q=0.9,image/webp,image/apng,*/*;q=0.8',
  'referer' => 'http://www.flylin.com.cn/tp5/public/admin/index/index.html',
  'accept-encoding' => 'gzip, deflate',
  'accept-language' => 'zh-CN,zh;q=0.9',
  'cookie' => 'pgv_pvi=5634748416; pgv_si=s1446831104; PHPSESSID=s00f73udjr2a45kf9eprdrc6e2',
)
[ info ] [ PARAM ] array (
)
[ info ] [ DB ] INIT mysql
[ info ] [ RUN ] app\admin\controller\Category->index[ /mnt/code/tp5/application/admin/controller/Category.php ]
[ info ] [ VIEW ] /mnt/code/tp5/public/../application/admin/view/category/index.html [ array (
  0 => 'data',
) ]
[ info ] [ LOG ] INIT File
[ sql ] [ DB ] CONNECT:[ UseTime:0.000560s ] mysql:host=127.0.0.1;port=3306;dbname=blog;charset=utf8
[ sql ] [ SQL ] SHOW COLUMNS FROM `category` [ RunTime:0.000687s ]
[ sql ] [ SQL ] SELECT * FROM `category` [ RunTime:0.002407s ]
---------------------------------------------------------------
[ 2018-03-24T19:09:37+08:00 ] 113.44.168.46 GET /tp5/public/login/login/login
[ info ] www.flylin.com.cn/tp5/public/login/login/login [运行时间：0.001757s][吞吐率：569.18req/s] [内存消耗：253.23kb] [文件加载：44]
[ info ] [ LANG ] /mnt/code/tp5/thinkphp/lang/zh-cn.php
[ info ] [ ROUTE ] array (
  'type' => 'module',
  'module' => 
  array (
    0 => 'login',
    1 => 'login',
    2 => 'login',
  ),
)
[ info ] [ HEADER ] array (
  'host' => 'www.flylin.com.cn',
  'connection' => 'keep-alive',
  'upgrade-insecure-requests' => '1',
  'user-agent' => 'Mozilla/5.0 (Windows NT 10.0; WOW64) AppleWebKit/537.36 (KHTML, like Gecko) Chrome/62.0.3202.94 Safari/537.36',
  'accept' => 'text/html,application/xhtml+xml,application/xml;q=0.9,image/webp,image/apng,*/*;q=0.8',
  'referer' => 'http://llc.flylin.com.cn/',
  'accept-encoding' => 'gzip, deflate',
  'accept-language' => 'zh-CN,zh;q=0.9',
  'cookie' => 'pgv_pvi=5634748416; pgv_si=s1446831104; PHPSESSID=s00f73udjr2a45kf9eprdrc6e2',
)
[ info ] [ PARAM ] array (
)
[ info ] [ RUN ] app\login\controller\Login->login[ /mnt/code/tp5/application/login/controller/Login.php ]
[ info ] [ VIEW ] /mnt/code/tp5/public/../application/login/view/login/login.html [ array (
) ]
[ info ] [ LOG ] INIT File
---------------------------------------------------------------
[ 2018-03-24T19:09:37+08:00 ] 113.44.168.46 GET /tp5/public/captcha.html
[ info ] www.flylin.com.cn/tp5/public/captcha.html [运行时间：0.002338s][吞吐率：427.73req/s] [内存消耗：179.99kb] [文件加载：37]
[ info ] [ LANG ] /mnt/code/tp5/thinkphp/lang/zh-cn.php
[ info ] [ ROUTE ] array (
  'type' => 'method',
  'method' => 
  array (
    0 => '\\think\\captcha\\CaptchaController',
    1 => 'index',
  ),
  'var' => 
  array (
  ),
)
[ info ] [ HEADER ] array (
  'host' => 'www.flylin.com.cn',
  'connection' => 'keep-alive',
  'user-agent' => 'Mozilla/5.0 (Windows NT 10.0; WOW64) AppleWebKit/537.36 (KHTML, like Gecko) Chrome/62.0.3202.94 Safari/537.36',
  'accept' => 'image/webp,image/apng,image/*,*/*;q=0.8',
  'referer' => 'http://www.flylin.com.cn/tp5/public/login/login/login',
  'accept-encoding' => 'gzip, deflate',
  'accept-language' => 'zh-CN,zh;q=0.9',
  'cookie' => 'pgv_pvi=5634748416; pgv_si=s1446831104; PHPSESSID=s00f73udjr2a45kf9eprdrc6e2',
)
[ info ] [ PARAM ] array (
  'id' => NULL,
)
[ info ] [ RUN ] think\captcha\CaptchaController->index[ /mnt/code/tp5/vendor/topthink/think-captcha/src/CaptchaController.php ]
[ info ] [ SESSION ] INIT array (
  'id' => '',
  'var_session_id' => '',
  'prefix' => 'think',
  'type' => '',
  'auto_start' => true,
)
[ info ] [ LOG ] INIT File
---------------------------------------------------------------
[ 2018-03-24T19:10:09+08:00 ] 113.44.168.46 GET /tp5/public/admin/category/index
[ info ] www.flylin.com.cn/tp5/public/admin/category/index [运行时间：0.007802s][吞吐率：128.17req/s] [内存消耗：441.88kb] [文件加载：55]
[ info ] [ LANG ] /mnt/code/tp5/thinkphp/lang/zh-cn.php
[ info ] [ ROUTE ] array (
  'type' => 'module',
  'module' => 
  array (
    0 => 'admin',
    1 => 'category',
    2 => 'index',
  ),
)
[ info ] [ HEADER ] array (
  'host' => 'www.flylin.com.cn',
  'connection' => 'keep-alive',
  'upgrade-insecure-requests' => '1',
  'user-agent' => 'Mozilla/5.0 (Windows NT 10.0; WOW64) AppleWebKit/537.36 (KHTML, like Gecko) Chrome/62.0.3202.94 Safari/537.36',
  'accept' => 'text/html,application/xhtml+xml,application/xml;q=0.9,image/webp,image/apng,*/*;q=0.8',
  'referer' => 'http://llc.flylin.com.cn/',
  'accept-encoding' => 'gzip, deflate',
  'accept-language' => 'zh-CN,zh;q=0.9',
  'cookie' => 'pgv_pvi=5634748416; pgv_si=s1446831104; PHPSESSID=s00f73udjr2a45kf9eprdrc6e2',
)
[ info ] [ PARAM ] array (
)
[ info ] [ DB ] INIT mysql
[ info ] [ RUN ] app\admin\controller\Category->index[ /mnt/code/tp5/application/admin/controller/Category.php ]
[ info ] [ VIEW ] /mnt/code/tp5/public/../application/admin/view/category/index.html [ array (
  0 => 'data',
) ]
[ info ] [ LOG ] INIT File
[ sql ] [ DB ] CONNECT:[ UseTime:0.000537s ] mysql:host=127.0.0.1;port=3306;dbname=blog;charset=utf8
[ sql ] [ SQL ] SHOW COLUMNS FROM `category` [ RunTime:0.000699s ]
[ sql ] [ SQL ] SELECT * FROM `category` [ RunTime:0.003640s ]
---------------------------------------------------------------
[ 2018-03-24T19:14:52+08:00 ] 113.44.168.46 GET /tp5/public/admin/category/index
[ info ] www.flylin.com.cn/tp5/public/admin/category/index [运行时间：0.008005s][吞吐率：124.92req/s] [内存消耗：441.88kb] [文件加载：55]
[ info ] [ LANG ] /mnt/code/tp5/thinkphp/lang/zh-cn.php
[ info ] [ ROUTE ] array (
  'type' => 'module',
  'module' => 
  array (
    0 => 'admin',
    1 => 'category',
    2 => 'index',
  ),
)
[ info ] [ HEADER ] array (
  'host' => 'www.flylin.com.cn',
  'connection' => 'keep-alive',
  'upgrade-insecure-requests' => '1',
  'user-agent' => 'Mozilla/5.0 (Windows NT 10.0; WOW64) AppleWebKit/537.36 (KHTML, like Gecko) Chrome/62.0.3202.94 Safari/537.36',
  'accept' => 'text/html,application/xhtml+xml,application/xml;q=0.9,image/webp,image/apng,*/*;q=0.8',
  'referer' => 'http://llc.flylin.com.cn/',
  'accept-encoding' => 'gzip, deflate',
  'accept-language' => 'zh-CN,zh;q=0.9',
  'cookie' => 'pgv_pvi=5634748416; pgv_si=s1446831104; PHPSESSID=s00f73udjr2a45kf9eprdrc6e2',
)
[ info ] [ PARAM ] array (
)
[ info ] [ DB ] INIT mysql
[ info ] [ RUN ] app\admin\controller\Category->index[ /mnt/code/tp5/application/admin/controller/Category.php ]
[ info ] [ VIEW ] /mnt/code/tp5/public/../application/admin/view/category/index.html [ array (
  0 => 'data',
) ]
[ info ] [ LOG ] INIT File
[ sql ] [ DB ] CONNECT:[ UseTime:0.000548s ] mysql:host=127.0.0.1;port=3306;dbname=blog;charset=utf8
[ sql ] [ SQL ] SHOW COLUMNS FROM `category` [ RunTime:0.000722s ]
[ sql ] [ SQL ] SELECT * FROM `category` [ RunTime:0.000315s ]
---------------------------------------------------------------
[ 2018-03-24T19:14:53+08:00 ] 113.44.168.46 GET /tp5/public/vendor/bootstrap/css/bootstrap.min.css.map
[ info ] www.flylin.com.cn/tp5/public/vendor/bootstrap/css/bootstrap.min.css.map [运行时间：0.017273s][吞吐率：57.89req/s] [内存消耗：225.27kb] [文件加载：38]
[ info ] [ LANG ] /mnt/code/tp5/thinkphp/lang/zh-cn.php
[ info ] [ ROUTE ] array (
  'type' => 'module',
  'module' => 
  array (
    0 => 'vendor',
    1 => 'bootstrap',
    2 => 'css',
  ),
)
[ info ] [ HEADER ] array (
  'host' => 'www.flylin.com.cn',
  'connection' => 'keep-alive',
  'user-agent' => 'Mozilla/5.0 (Windows NT 10.0; WOW64) AppleWebKit/537.36 (KHTML, like Gecko) Chrome/62.0.3202.94 Safari/537.36',
  'accept-encoding' => 'gzip, deflate',
  'accept-language' => 'zh-CN,zh;q=0.9',
  'cookie' => 'pgv_pvi=5634748416; pgv_si=s1446831104; PHPSESSID=s00f73udjr2a45kf9eprdrc6e2',
)
[ info ] [ PARAM ] array (
)
[ info ] [ LOG ] INIT File
---------------------------------------------------------------
[ 2018-03-24T19:15:08+08:00 ] 113.44.168.46 GET /tp5/public/admin/category/index
[ info ] www.flylin.com.cn/tp5/public/admin/category/index [运行时间：0.006432s][吞吐率：155.47req/s] [内存消耗：441.03kb] [文件加载：55]
[ info ] [ LANG ] /mnt/code/tp5/thinkphp/lang/zh-cn.php
[ info ] [ ROUTE ] array (
  'type' => 'module',
  'module' => 
  array (
    0 => 'admin',
    1 => 'category',
    2 => 'index',
  ),
)
[ info ] [ HEADER ] array (
  'host' => 'www.flylin.com.cn',
  'connection' => 'keep-alive',
  'upgrade-insecure-requests' => '1',
  'accept' => 'text/html,application/xhtml+xml,application/xml;q=0.9,*/*;q=0.8',
  'user-agent' => 'Mozilla/5.0 (Macintosh; Intel Mac OS X 10_12_6) AppleWebKit/604.5.6 (KHTML, like Gecko) Version/11.0.3 Safari/604.5.6',
  'referer' => 'http://llc.flylin.com.cn/',
  'accept-language' => 'zh-cn',
  'accept-encoding' => 'gzip, deflate',
)
[ info ] [ PARAM ] array (
)
[ info ] [ DB ] INIT mysql
[ info ] [ RUN ] app\admin\controller\Category->index[ /mnt/code/tp5/application/admin/controller/Category.php ]
[ info ] [ VIEW ] /mnt/code/tp5/public/../application/admin/view/category/index.html [ array (
  0 => 'data',
) ]
[ info ] [ LOG ] INIT File
[ sql ] [ DB ] CONNECT:[ UseTime:0.000552s ] mysql:host=127.0.0.1;port=3306;dbname=blog;charset=utf8
[ sql ] [ SQL ] SHOW COLUMNS FROM `category` [ RunTime:0.000707s ]
[ sql ] [ SQL ] SELECT * FROM `category` [ RunTime:0.002192s ]
---------------------------------------------------------------
[ 2018-03-24T19:15:11+08:00 ] 113.44.168.46 GET /tp5/public/admin/category/edit?id=9
[ info ] www.flylin.com.cn/tp5/public/admin/category/edit?id=9 [运行时间：0.013772s][吞吐率：72.61req/s] [内存消耗：484.75kb] [文件加载：57]
[ info ] [ LANG ] /mnt/code/tp5/thinkphp/lang/zh-cn.php
[ info ] [ ROUTE ] array (
  'type' => 'module',
  'module' => 
  array (
    0 => 'admin',
    1 => 'category',
    2 => 'edit',
  ),
)
[ info ] [ HEADER ] array (
  'host' => 'www.flylin.com.cn',
  'connection' => 'keep-alive',
  'upgrade-insecure-requests' => '1',
  'accept' => 'text/html,application/xhtml+xml,application/xml;q=0.9,*/*;q=0.8',
  'user-agent' => 'Mozilla/5.0 (Macintosh; Intel Mac OS X 10_12_6) AppleWebKit/604.5.6 (KHTML, like Gecko) Version/11.0.3 Safari/604.5.6',
  'referer' => 'http://www.flylin.com.cn/tp5/public/admin/category/index',
  'accept-language' => 'zh-cn',
  'accept-encoding' => 'gzip, deflate',
)
[ info ] [ PARAM ] array (
  'id' => '9',
)
[ info ] [ DB ] INIT mysql
[ info ] [ RUN ] app\admin\controller\Category->edit[ /mnt/code/tp5/application/admin/controller/Category.php ]
[ info ] [ VIEW ] /mnt/code/tp5/public/../application/admin/view/category/edit.html [ array (
) ]
[ info ] [ LOG ] INIT File
[ sql ] [ DB ] CONNECT:[ UseTime:0.000488s ] mysql:host=127.0.0.1;port=3306;dbname=blog;charset=utf8
[ sql ] [ SQL ] SHOW COLUMNS FROM `category` [ RunTime:0.000699s ]
[ sql ] [ SQL ] SELECT * FROM `category` [ RunTime:0.000358s ]
[ error ] [8]未定义变量: data[/mnt/code/tp5/runtime/temp/4908025e18f4c68e0ade9bf852c03678.php:131]
---------------------------------------------------------------
[ 2018-03-24T19:15:18+08:00 ] 113.44.168.46 GET /tp5/public/admin/category/addson?id=9
[ info ] www.flylin.com.cn/tp5/public/admin/category/addson?id=9 [运行时间：0.013893s][吞吐率：71.98req/s] [内存消耗：519.51kb] [文件加载：55]
[ info ] [ LANG ] /mnt/code/tp5/thinkphp/lang/zh-cn.php
[ info ] [ ROUTE ] array (
  'type' => 'module',
  'module' => 
  array (
    0 => 'admin',
    1 => 'category',
    2 => 'addson',
  ),
)
[ info ] [ HEADER ] array (
  'host' => 'www.flylin.com.cn',
  'connection' => 'keep-alive',
  'upgrade-insecure-requests' => '1',
  'accept' => 'text/html,application/xhtml+xml,application/xml;q=0.9,*/*;q=0.8',
  'user-agent' => 'Mozilla/5.0 (Macintosh; Intel Mac OS X 10_12_6) AppleWebKit/604.5.6 (KHTML, like Gecko) Version/11.0.3 Safari/604.5.6',
  'referer' => 'http://www.flylin.com.cn/tp5/public/admin/category/index',
  'accept-language' => 'zh-cn',
  'accept-encoding' => 'gzip, deflate',
)
[ info ] [ PARAM ] array (
  'id' => '9',
)
[ info ] [ DB ] INIT mysql
[ info ] [ RUN ] app\admin\controller\Category->addson[ /mnt/code/tp5/application/admin/controller/Category.php ]
[ info ] [ VIEW ] /mnt/code/tp5/public/../application/admin/view/category/addson.html [ array (
  0 => 'data',
) ]
[ info ] [ LOG ] INIT File
[ sql ] [ DB ] CONNECT:[ UseTime:0.000478s ] mysql:host=127.0.0.1;port=3306;dbname=blog;charset=utf8
[ sql ] [ SQL ] SHOW COLUMNS FROM `category` [ RunTime:0.000687s ]
[ sql ] [ SQL ] SELECT * FROM `category` WHERE  `cate_id` = 9 LIMIT 1 [ RunTime:0.000341s ]
---------------------------------------------------------------
[ 2018-03-24T19:15:26+08:00 ] 113.44.168.46 GET /tp5/public/admin/category/blank.html
[ info ] www.flylin.com.cn/tp5/public/admin/category/blank.html [运行时间：0.002873s][吞吐率：348.05req/s] [内存消耗：352.70kb] [文件加载：53]
[ info ] [ LANG ] /mnt/code/tp5/thinkphp/lang/zh-cn.php
[ info ] [ ROUTE ] array (
  'type' => 'module',
  'module' => 
  array (
    0 => 'admin',
    1 => 'category',
    2 => 'blank',
  ),
)
[ info ] [ HEADER ] array (
  'host' => 'www.flylin.com.cn',
  'connection' => 'keep-alive',
  'upgrade-insecure-requests' => '1',
  'accept' => 'text/html,application/xhtml+xml,application/xml;q=0.9,*/*;q=0.8',
  'user-agent' => 'Mozilla/5.0 (Macintosh; Intel Mac OS X 10_12_6) AppleWebKit/604.5.6 (KHTML, like Gecko) Version/11.0.3 Safari/604.5.6',
  'referer' => 'http://www.flylin.com.cn/tp5/public/admin/category/addson?id=9',
  'accept-language' => 'zh-cn',
  'accept-encoding' => 'gzip, deflate',
)
[ info ] [ PARAM ] array (
)
[ info ] [ DB ] INIT mysql
[ info ] [ LOG ] INIT File
---------------------------------------------------------------
[ 2018-03-24T19:16:07+08:00 ] 61.151.178.166 GET /tp5/public/admin/category/index
[ info ] www.flylin.com.cn/tp5/public/admin/category/index [运行时间：0.004899s][吞吐率：204.12req/s] [内存消耗：440.80kb] [文件加载：55]
[ info ] [ LANG ] /mnt/code/tp5/thinkphp/lang/zh-cn.php
[ info ] [ ROUTE ] array (
  'type' => 'module',
  'module' => 
  array (
    0 => 'admin',
    1 => 'category',
    2 => 'index',
  ),
)
[ info ] [ HEADER ] array (
  'user-agent' => 'Mozilla/5.0 (iPhone; CPU iPhone OS 10_2_1 like Mac OS X) AppleWebKit/602.4.6 (KHTML, like Gecko) Mobile/14D27 MicroMessenger/6.5.5 NetType/WIFI Language/zh_CN',
  'accept' => '*/*',
  'referer' => 'http://llc.flylin.com.cn/',
  'accept-language' => 'zh-CN,zh;q=0.8,en-US;q=0.6,en;q=0.4',
  'host' => 'www.flylin.com.cn',
  'connection' => 'keep-alive',
)
[ info ] [ PARAM ] array (
)
[ info ] [ DB ] INIT mysql
[ info ] [ RUN ] app\admin\controller\Category->index[ /mnt/code/tp5/application/admin/controller/Category.php ]
[ info ] [ VIEW ] /mnt/code/tp5/public/../application/admin/view/category/index.html [ array (
  0 => 'data',
) ]
[ info ] [ LOG ] INIT File
[ sql ] [ DB ] CONNECT:[ UseTime:0.000543s ] mysql:host=127.0.0.1;port=3306;dbname=blog;charset=utf8
[ sql ] [ SQL ] SHOW COLUMNS FROM `category` [ RunTime:0.001533s ]
[ sql ] [ SQL ] SELECT * FROM `category` [ RunTime:0.000314s ]
---------------------------------------------------------------
[ 2018-03-24T19:16:16+08:00 ] 113.44.168.46 GET /tp5/public/admin/category/index.html
[ info ] www.flylin.com.cn/tp5/public/admin/category/index.html [运行时间：0.014600s][吞吐率：68.49req/s] [内存消耗：442.01kb] [文件加载：55]
[ info ] [ LANG ] /mnt/code/tp5/thinkphp/lang/zh-cn.php
[ info ] [ ROUTE ] array (
  'type' => 'module',
  'module' => 
  array (
    0 => 'admin',
    1 => 'category',
    2 => 'index',
  ),
)
[ info ] [ HEADER ] array (
  'host' => 'www.flylin.com.cn',
  'connection' => 'keep-alive',
  'upgrade-insecure-requests' => '1',
  'user-agent' => 'Mozilla/5.0 (Windows NT 10.0; WOW64) AppleWebKit/537.36 (KHTML, like Gecko) Chrome/62.0.3202.94 Safari/537.36',
  'accept' => 'text/html,application/xhtml+xml,application/xml;q=0.9,image/webp,image/apng,*/*;q=0.8',
  'referer' => 'http://www.flylin.com.cn/tp5/public/admin/category/index',
  'accept-encoding' => 'gzip, deflate',
  'accept-language' => 'zh-CN,zh;q=0.9',
  'cookie' => 'pgv_pvi=5634748416; pgv_si=s1446831104; PHPSESSID=s00f73udjr2a45kf9eprdrc6e2',
)
[ info ] [ PARAM ] array (
)
[ info ] [ DB ] INIT mysql
[ info ] [ RUN ] app\admin\controller\Category->index[ /mnt/code/tp5/application/admin/controller/Category.php ]
[ info ] [ VIEW ] /mnt/code/tp5/public/../application/admin/view/category/index.html [ array (
  0 => 'data',
) ]
[ info ] [ LOG ] INIT File
[ sql ] [ DB ] CONNECT:[ UseTime:0.000575s ] mysql:host=127.0.0.1;port=3306;dbname=blog;charset=utf8
[ sql ] [ SQL ] SHOW COLUMNS FROM `category` [ RunTime:0.002813s ]
[ sql ] [ SQL ] SELECT * FROM `category` [ RunTime:0.000313s ]
---------------------------------------------------------------
[ 2018-03-24T19:16:16+08:00 ] 113.44.168.46 GET /tp5/public/vendor/bootstrap/css/bootstrap.min.css.map
[ info ] www.flylin.com.cn/tp5/public/vendor/bootstrap/css/bootstrap.min.css.map [运行时间：0.001849s][吞吐率：540.85req/s] [内存消耗：160.00kb] [文件加载：38]
[ info ] [ LANG ] /mnt/code/tp5/thinkphp/lang/zh-cn.php
[ info ] [ ROUTE ] array (
  'type' => 'module',
  'module' => 
  array (
    0 => 'vendor',
    1 => 'bootstrap',
    2 => 'css',
  ),
)
[ info ] [ HEADER ] array (
  'host' => 'www.flylin.com.cn',
  'connection' => 'keep-alive',
  'user-agent' => 'Mozilla/5.0 (Windows NT 10.0; WOW64) AppleWebKit/537.36 (KHTML, like Gecko) Chrome/62.0.3202.94 Safari/537.36',
  'accept-encoding' => 'gzip, deflate',
  'accept-language' => 'zh-CN,zh;q=0.9',
  'cookie' => 'pgv_pvi=5634748416; pgv_si=s1446831104; PHPSESSID=s00f73udjr2a45kf9eprdrc6e2',
)
[ info ] [ PARAM ] array (
)
[ info ] [ LOG ] INIT File
---------------------------------------------------------------
[ 2018-03-24T19:16:22+08:00 ] 113.44.168.46 GET /tp5/public/admin/category/index.html
[ info ] www.flylin.com.cn/tp5/public/admin/category/index.html [运行时间：0.013738s][吞吐率：72.79req/s] [内存消耗：442.01kb] [文件加载：55]
[ info ] [ LANG ] /mnt/code/tp5/thinkphp/lang/zh-cn.php
[ info ] [ ROUTE ] array (
  'type' => 'module',
  'module' => 
  array (
    0 => 'admin',
    1 => 'category',
    2 => 'index',
  ),
)
[ info ] [ HEADER ] array (
  'host' => 'www.flylin.com.cn',
  'connection' => 'keep-alive',
  'upgrade-insecure-requests' => '1',
  'user-agent' => 'Mozilla/5.0 (Windows NT 10.0; WOW64) AppleWebKit/537.36 (KHTML, like Gecko) Chrome/62.0.3202.94 Safari/537.36',
  'accept' => 'text/html,application/xhtml+xml,application/xml;q=0.9,image/webp,image/apng,*/*;q=0.8',
  'referer' => 'http://www.flylin.com.cn/tp5/public/admin/category/index.html',
  'accept-encoding' => 'gzip, deflate',
  'accept-language' => 'zh-CN,zh;q=0.9',
  'cookie' => 'pgv_pvi=5634748416; pgv_si=s1446831104; PHPSESSID=s00f73udjr2a45kf9eprdrc6e2',
)
[ info ] [ PARAM ] array (
)
[ info ] [ DB ] INIT mysql
[ info ] [ RUN ] app\admin\controller\Category->index[ /mnt/code/tp5/application/admin/controller/Category.php ]
[ info ] [ VIEW ] /mnt/code/tp5/public/../application/admin/view/category/index.html [ array (
  0 => 'data',
) ]
[ info ] [ LOG ] INIT File
[ sql ] [ DB ] CONNECT:[ UseTime:0.002797s ] mysql:host=127.0.0.1;port=3306;dbname=blog;charset=utf8
[ sql ] [ SQL ] SHOW COLUMNS FROM `category` [ RunTime:0.000888s ]
[ sql ] [ SQL ] SELECT * FROM `category` [ RunTime:0.000313s ]
---------------------------------------------------------------
[ 2018-03-24T19:16:23+08:00 ] 113.44.168.46 GET /tp5/public/vendor/bootstrap/css/bootstrap.min.css.map
[ info ] www.flylin.com.cn/tp5/public/vendor/bootstrap/css/bootstrap.min.css.map [运行时间：0.001910s][吞吐率：523.57req/s] [内存消耗：160.00kb] [文件加载：38]
[ info ] [ LANG ] /mnt/code/tp5/thinkphp/lang/zh-cn.php
[ info ] [ ROUTE ] array (
  'type' => 'module',
  'module' => 
  array (
    0 => 'vendor',
    1 => 'bootstrap',
    2 => 'css',
  ),
)
[ info ] [ HEADER ] array (
  'host' => 'www.flylin.com.cn',
  'connection' => 'keep-alive',
  'user-agent' => 'Mozilla/5.0 (Windows NT 10.0; WOW64) AppleWebKit/537.36 (KHTML, like Gecko) Chrome/62.0.3202.94 Safari/537.36',
  'accept-encoding' => 'gzip, deflate',
  'accept-language' => 'zh-CN,zh;q=0.9',
  'cookie' => 'pgv_pvi=5634748416; pgv_si=s1446831104; PHPSESSID=s00f73udjr2a45kf9eprdrc6e2',
)
[ info ] [ PARAM ] array (
)
[ info ] [ LOG ] INIT File
---------------------------------------------------------------
[ 2018-03-24T19:16:23+08:00 ] 113.44.168.46 GET /tp5/public/admin/index/index.html
[ info ] www.flylin.com.cn/tp5/public/admin/index/index.html [运行时间：0.001597s][吞吐率：626.11req/s] [内存消耗：257.47kb] [文件加载：45]
[ info ] [ LANG ] /mnt/code/tp5/thinkphp/lang/zh-cn.php
[ info ] [ ROUTE ] array (
  'type' => 'module',
  'module' => 
  array (
    0 => 'admin',
    1 => 'index',
    2 => 'index',
  ),
)
[ info ] [ HEADER ] array (
  'host' => 'www.flylin.com.cn',
  'connection' => 'keep-alive',
  'upgrade-insecure-requests' => '1',
  'user-agent' => 'Mozilla/5.0 (Windows NT 10.0; WOW64) AppleWebKit/537.36 (KHTML, like Gecko) Chrome/62.0.3202.94 Safari/537.36',
  'accept' => 'text/html,application/xhtml+xml,application/xml;q=0.9,image/webp,image/apng,*/*;q=0.8',
  'referer' => 'http://www.flylin.com.cn/tp5/public/admin/category/index.html',
  'accept-encoding' => 'gzip, deflate',
  'accept-language' => 'zh-CN,zh;q=0.9',
  'cookie' => 'pgv_pvi=5634748416; pgv_si=s1446831104; PHPSESSID=s00f73udjr2a45kf9eprdrc6e2',
)
[ info ] [ PARAM ] array (
)
[ info ] [ SESSION ] INIT array (
  'id' => '',
  'var_session_id' => '',
  'prefix' => 'think',
  'type' => '',
  'auto_start' => true,
)
[ info ] [ RUN ] app\admin\controller\index->index[ /mnt/code/tp5/application/admin/controller/Index.php ]
[ info ] [ VIEW ] /mnt/code/tp5/public/../application/admin/view/index/index.html [ array (
) ]
[ info ] [ LOG ] INIT File
---------------------------------------------------------------
[ 2018-03-24T19:16:24+08:00 ] 113.44.168.46 GET /tp5/public/vendor/bootstrap/css/bootstrap.min.css.map
[ info ] www.flylin.com.cn/tp5/public/vendor/bootstrap/css/bootstrap.min.css.map [运行时间：0.001332s][吞吐率：750.73req/s] [内存消耗：160.00kb] [文件加载：38]
[ info ] [ LANG ] /mnt/code/tp5/thinkphp/lang/zh-cn.php
[ info ] [ ROUTE ] array (
  'type' => 'module',
  'module' => 
  array (
    0 => 'vendor',
    1 => 'bootstrap',
    2 => 'css',
  ),
)
[ info ] [ HEADER ] array (
  'host' => 'www.flylin.com.cn',
  'connection' => 'keep-alive',
  'user-agent' => 'Mozilla/5.0 (Windows NT 10.0; WOW64) AppleWebKit/537.36 (KHTML, like Gecko) Chrome/62.0.3202.94 Safari/537.36',
  'accept-encoding' => 'gzip, deflate',
  'accept-language' => 'zh-CN,zh;q=0.9',
  'cookie' => 'pgv_pvi=5634748416; pgv_si=s1446831104; PHPSESSID=s00f73udjr2a45kf9eprdrc6e2',
)
[ info ] [ PARAM ] array (
)
[ info ] [ LOG ] INIT File
---------------------------------------------------------------
[ 2018-03-24T19:16:25+08:00 ] 113.44.168.46 GET /tp5/public/admin/category/index.html
[ info ] www.flylin.com.cn/tp5/public/admin/category/index.html [运行时间：0.003935s][吞吐率：254.12req/s] [内存消耗：442.01kb] [文件加载：55]
[ info ] [ LANG ] /mnt/code/tp5/thinkphp/lang/zh-cn.php
[ info ] [ ROUTE ] array (
  'type' => 'module',
  'module' => 
  array (
    0 => 'admin',
    1 => 'category',
    2 => 'index',
  ),
)
[ info ] [ HEADER ] array (
  'host' => 'www.flylin.com.cn',
  'connection' => 'keep-alive',
  'upgrade-insecure-requests' => '1',
  'user-agent' => 'Mozilla/5.0 (Windows NT 10.0; WOW64) AppleWebKit/537.36 (KHTML, like Gecko) Chrome/62.0.3202.94 Safari/537.36',
  'accept' => 'text/html,application/xhtml+xml,application/xml;q=0.9,image/webp,image/apng,*/*;q=0.8',
  'referer' => 'http://www.flylin.com.cn/tp5/public/admin/index/index.html',
  'accept-encoding' => 'gzip, deflate',
  'accept-language' => 'zh-CN,zh;q=0.9',
  'cookie' => 'pgv_pvi=5634748416; pgv_si=s1446831104; PHPSESSID=s00f73udjr2a45kf9eprdrc6e2',
)
[ info ] [ PARAM ] array (
)
[ info ] [ DB ] INIT mysql
[ info ] [ RUN ] app\admin\controller\Category->index[ /mnt/code/tp5/application/admin/controller/Category.php ]
[ info ] [ VIEW ] /mnt/code/tp5/public/../application/admin/view/category/index.html [ array (
  0 => 'data',
) ]
[ info ] [ LOG ] INIT File
[ sql ] [ DB ] CONNECT:[ UseTime:0.000578s ] mysql:host=127.0.0.1;port=3306;dbname=blog;charset=utf8
[ sql ] [ SQL ] SHOW COLUMNS FROM `category` [ RunTime:0.000759s ]
[ sql ] [ SQL ] SELECT * FROM `category` [ RunTime:0.000304s ]
---------------------------------------------------------------
[ 2018-03-24T19:16:25+08:00 ] 113.44.168.46 GET /tp5/public/vendor/bootstrap/css/bootstrap.min.css.map
[ info ] www.flylin.com.cn/tp5/public/vendor/bootstrap/css/bootstrap.min.css.map [运行时间：0.001338s][吞吐率：747.38req/s] [内存消耗：160.00kb] [文件加载：38]
[ info ] [ LANG ] /mnt/code/tp5/thinkphp/lang/zh-cn.php
[ info ] [ ROUTE ] array (
  'type' => 'module',
  'module' => 
  array (
    0 => 'vendor',
    1 => 'bootstrap',
    2 => 'css',
  ),
)
[ info ] [ HEADER ] array (
  'host' => 'www.flylin.com.cn',
  'connection' => 'keep-alive',
  'user-agent' => 'Mozilla/5.0 (Windows NT 10.0; WOW64) AppleWebKit/537.36 (KHTML, like Gecko) Chrome/62.0.3202.94 Safari/537.36',
  'accept-encoding' => 'gzip, deflate',
  'accept-language' => 'zh-CN,zh;q=0.9',
  'cookie' => 'pgv_pvi=5634748416; pgv_si=s1446831104; PHPSESSID=s00f73udjr2a45kf9eprdrc6e2',
)
[ info ] [ PARAM ] array (
)
[ info ] [ LOG ] INIT File
---------------------------------------------------------------
[ 2018-03-24T23:59:26+08:00 ] 14.130.223.161 GET /tp5/public/admin/category/index.html
[ info ] www.flylin.com.cn/tp5/public/admin/category/index.html [运行时间：0.014855s][吞吐率：67.32req/s] [内存消耗：442.01kb] [文件加载：55]
[ info ] [ LANG ] /mnt/code/tp5/thinkphp/lang/zh-cn.php
[ info ] [ ROUTE ] array (
  'type' => 'module',
  'module' => 
  array (
    0 => 'admin',
    1 => 'category',
    2 => 'index',
  ),
)
[ info ] [ HEADER ] array (
  'host' => 'www.flylin.com.cn',
  'connection' => 'keep-alive',
  'upgrade-insecure-requests' => '1',
  'user-agent' => 'Mozilla/5.0 (Windows NT 10.0; WOW64) AppleWebKit/537.36 (KHTML, like Gecko) Chrome/62.0.3202.94 Safari/537.36',
  'accept' => 'text/html,application/xhtml+xml,application/xml;q=0.9,image/webp,image/apng,*/*;q=0.8',
  'referer' => 'http://www.flylin.com.cn/tp5/public/admin/category/index.html',
  'accept-encoding' => 'gzip, deflate',
  'accept-language' => 'zh-CN,zh;q=0.9',
  'cookie' => 'pgv_pvi=5634748416; pgv_si=s1446831104; PHPSESSID=s00f73udjr2a45kf9eprdrc6e2',
)
[ info ] [ PARAM ] array (
)
[ info ] [ DB ] INIT mysql
[ info ] [ RUN ] app\admin\controller\Category->index[ /mnt/code/tp5/application/admin/controller/Category.php ]
[ info ] [ VIEW ] /mnt/code/tp5/public/../application/admin/view/category/index.html [ array (
  0 => 'data',
) ]
[ info ] [ LOG ] INIT File
[ sql ] [ DB ] CONNECT:[ UseTime:0.000560s ] mysql:host=127.0.0.1;port=3306;dbname=blog;charset=utf8
[ sql ] [ SQL ] SHOW COLUMNS FROM `category` [ RunTime:0.002683s ]
[ sql ] [ SQL ] SELECT * FROM `category` [ RunTime:0.000309s ]
---------------------------------------------------------------
[ 2018-03-24T23:59:26+08:00 ] 14.130.223.161 GET /tp5/public/vendor/bootstrap/css/bootstrap.min.css.map
[ info ] www.flylin.com.cn/tp5/public/vendor/bootstrap/css/bootstrap.min.css.map [运行时间：0.001794s][吞吐率：557.46req/s] [内存消耗：160.00kb] [文件加载：38]
[ info ] [ LANG ] /mnt/code/tp5/thinkphp/lang/zh-cn.php
[ info ] [ ROUTE ] array (
  'type' => 'module',
  'module' => 
  array (
    0 => 'vendor',
    1 => 'bootstrap',
    2 => 'css',
  ),
)
[ info ] [ HEADER ] array (
  'host' => 'www.flylin.com.cn',
  'connection' => 'keep-alive',
  'user-agent' => 'Mozilla/5.0 (Windows NT 10.0; WOW64) AppleWebKit/537.36 (KHTML, like Gecko) Chrome/62.0.3202.94 Safari/537.36',
  'accept-encoding' => 'gzip, deflate',
  'accept-language' => 'zh-CN,zh;q=0.9',
  'cookie' => 'pgv_pvi=5634748416; pgv_si=s1446831104; PHPSESSID=s00f73udjr2a45kf9eprdrc6e2',
)
[ info ] [ PARAM ] array (
)
[ info ] [ LOG ] INIT File
---------------------------------------------------------------
[ 2018-03-24T23:59:32+08:00 ] 14.130.223.161 GET /tp5/public/admin/index/index.html
[ info ] www.flylin.com.cn/tp5/public/admin/index/index.html [运行时间：0.010008s][吞吐率：99.92req/s] [内存消耗：257.48kb] [文件加载：46]
[ info ] [ LANG ] /mnt/code/tp5/thinkphp/lang/zh-cn.php
[ info ] [ ROUTE ] array (
  'type' => 'module',
  'module' => 
  array (
    0 => 'admin',
    1 => 'index',
    2 => 'index',
  ),
)
[ info ] [ HEADER ] array (
  'host' => 'www.flylin.com.cn',
  'connection' => 'keep-alive',
  'upgrade-insecure-requests' => '1',
  'user-agent' => 'Mozilla/5.0 (Windows NT 10.0; WOW64) AppleWebKit/537.36 (KHTML, like Gecko) Chrome/62.0.3202.94 Safari/537.36',
  'accept' => 'text/html,application/xhtml+xml,application/xml;q=0.9,image/webp,image/apng,*/*;q=0.8',
  'referer' => 'http://www.flylin.com.cn/tp5/public/admin/category/index.html',
  'accept-encoding' => 'gzip, deflate',
  'accept-language' => 'zh-CN,zh;q=0.9',
  'cookie' => 'pgv_pvi=5634748416; pgv_si=s1446831104; PHPSESSID=s00f73udjr2a45kf9eprdrc6e2',
)
[ info ] [ PARAM ] array (
)
[ info ] [ SESSION ] INIT array (
  'id' => '',
  'var_session_id' => '',
  'prefix' => 'think',
  'type' => '',
  'auto_start' => true,
)
[ info ] [ VIEW ] /mnt/code/tp5/thinkphp/tpl/dispatch_jump.tpl [ array (
  0 => 'code',
  1 => 'msg',
  2 => 'data',
  3 => 'url',
  4 => 'wait',
) ]
[ info ] [ LOG ] INIT File
---------------------------------------------------------------
[ 2018-03-24T23:59:35+08:00 ] 14.130.223.161 GET /tp5/public/login/login/login.html
[ info ] www.flylin.com.cn/tp5/public/login/login/login.html [运行时间：0.001454s][吞吐率：687.82req/s] [内存消耗：253.33kb] [文件加载：44]
[ info ] [ LANG ] /mnt/code/tp5/thinkphp/lang/zh-cn.php
[ info ] [ ROUTE ] array (
  'type' => 'module',
  'module' => 
  array (
    0 => 'login',
    1 => 'login',
    2 => 'login',
  ),
)
[ info ] [ HEADER ] array (
  'host' => 'www.flylin.com.cn',
  'connection' => 'keep-alive',
  'upgrade-insecure-requests' => '1',
  'user-agent' => 'Mozilla/5.0 (Windows NT 10.0; WOW64) AppleWebKit/537.36 (KHTML, like Gecko) Chrome/62.0.3202.94 Safari/537.36',
  'accept' => 'text/html,application/xhtml+xml,application/xml;q=0.9,image/webp,image/apng,*/*;q=0.8',
  'referer' => 'http://www.flylin.com.cn/tp5/public/admin/index/index.html',
  'accept-encoding' => 'gzip, deflate',
  'accept-language' => 'zh-CN,zh;q=0.9',
  'cookie' => 'pgv_pvi=5634748416; pgv_si=s1446831104; PHPSESSID=s00f73udjr2a45kf9eprdrc6e2',
)
[ info ] [ PARAM ] array (
)
[ info ] [ RUN ] app\login\controller\Login->login[ /mnt/code/tp5/application/login/controller/Login.php ]
[ info ] [ VIEW ] /mnt/code/tp5/public/../application/login/view/login/login.html [ array (
) ]
[ info ] [ LOG ] INIT File
---------------------------------------------------------------
[ 2018-03-24T23:59:35+08:00 ] 14.130.223.161 GET /tp5/public/captcha.html
[ info ] www.flylin.com.cn/tp5/public/captcha.html [运行时间：0.003010s][吞吐率：332.22req/s] [内存消耗：179.48kb] [文件加载：37]
[ info ] [ LANG ] /mnt/code/tp5/thinkphp/lang/zh-cn.php
[ info ] [ ROUTE ] array (
  'type' => 'method',
  'method' => 
  array (
    0 => '\\think\\captcha\\CaptchaController',
    1 => 'index',
  ),
  'var' => 
  array (
  ),
)
[ info ] [ HEADER ] array (
  'host' => 'www.flylin.com.cn',
  'connection' => 'keep-alive',
  'user-agent' => 'Mozilla/5.0 (Windows NT 10.0; WOW64) AppleWebKit/537.36 (KHTML, like Gecko) Chrome/62.0.3202.94 Safari/537.36',
  'accept' => 'image/webp,image/apng,image/*,*/*;q=0.8',
  'referer' => 'http://www.flylin.com.cn/tp5/public/login/login/login.html',
  'accept-encoding' => 'gzip, deflate',
  'accept-language' => 'zh-CN,zh;q=0.9',
  'cookie' => 'pgv_pvi=5634748416; pgv_si=s1446831104; PHPSESSID=s00f73udjr2a45kf9eprdrc6e2',
)
[ info ] [ PARAM ] array (
  'id' => NULL,
)
[ info ] [ RUN ] think\captcha\CaptchaController->index[ /mnt/code/tp5/vendor/topthink/think-captcha/src/CaptchaController.php ]
[ info ] [ SESSION ] INIT array (
  'id' => '',
  'var_session_id' => '',
  'prefix' => 'think',
  'type' => '',
  'auto_start' => true,
)
[ info ] [ LOG ] INIT File
---------------------------------------------------------------
[ 2018-03-24T23:59:35+08:00 ] 14.130.223.161 GET /tp5/public/vendor/bootstrap/css/bootstrap.min.css.map
[ info ] www.flylin.com.cn/tp5/public/vendor/bootstrap/css/bootstrap.min.css.map [运行时间：0.001740s][吞吐率：574.72req/s] [内存消耗：160.00kb] [文件加载：38]
[ info ] [ LANG ] /mnt/code/tp5/thinkphp/lang/zh-cn.php
[ info ] [ ROUTE ] array (
  'type' => 'module',
  'module' => 
  array (
    0 => 'vendor',
    1 => 'bootstrap',
    2 => 'css',
  ),
)
[ info ] [ HEADER ] array (
  'host' => 'www.flylin.com.cn',
  'connection' => 'keep-alive',
  'user-agent' => 'Mozilla/5.0 (Windows NT 10.0; WOW64) AppleWebKit/537.36 (KHTML, like Gecko) Chrome/62.0.3202.94 Safari/537.36',
  'accept-encoding' => 'gzip, deflate',
  'accept-language' => 'zh-CN,zh;q=0.9',
  'cookie' => 'pgv_pvi=5634748416; pgv_si=s1446831104; PHPSESSID=s00f73udjr2a45kf9eprdrc6e2',
)
[ info ] [ PARAM ] array (
)
[ info ] [ LOG ] INIT File
