---------------------------------------------------------------
[ 2018-03-27T13:45:44+08:00 ] 115.171.62.175 GET /tp5/public/admin/user/index
[ info ] 47.100.169.35/tp5/public/admin/user/index [运行时间：0.069016s][吞吐率：14.49req/s] [内存消耗：390.60kb] [文件加载：46]
[ info ] [ LANG ] /mnt/code/tp5/thinkphp/lang/zh-cn.php
[ info ] [ ROUTE ] array (
  'type' => 'module',
  'module' => 
  array (
    0 => 'admin',
    1 => 'user',
    2 => 'index',
  ),
)
[ info ] [ HEADER ] array (
  'host' => '47.100.169.35',
  'user-agent' => 'Mozilla/5.0 (X11; Ubuntu; Linux x86_64; rv:57.0) Gecko/20100101 Firefox/57.0',
  'accept' => 'text/html,application/xhtml+xml,application/xml;q=0.9,*/*;q=0.8',
  'accept-language' => 'zh-CN,zh;q=0.8,zh-TW;q=0.7,zh-HK;q=0.5,en-US;q=0.3,en;q=0.2',
  'accept-encoding' => 'gzip, deflate',
  'connection' => 'keep-alive',
  'upgrade-insecure-requests' => '1',
  'pragma' => 'no-cache',
  'cache-control' => 'no-cache',
)
[ info ] [ PARAM ] array (
)
[ info ] [ SESSION ] INIT array (
  'id' => '',
  'var_session_id' => '',
  'prefix' => 'think',
  'type' => '',
  'auto_start' => true,
)
[ info ] [ VIEW ] /mnt/code/tp5/thinkphp/tpl/dispatch_jump.tpl [ array (
  0 => 'code',
  1 => 'msg',
  2 => 'data',
  3 => 'url',
  4 => 'wait',
) ]
[ info ] [ LOG ] INIT File
---------------------------------------------------------------
[ 2018-03-27T13:45:48+08:00 ] 115.171.62.175 GET /tp5/public/login/login/login.html
[ info ] 47.100.169.35/tp5/public/login/login/login.html [运行时间：0.002291s][吞吐率：436.50req/s] [内存消耗：254.48kb] [文件加载：44]
[ info ] [ LANG ] /mnt/code/tp5/thinkphp/lang/zh-cn.php
[ info ] [ ROUTE ] array (
  'type' => 'module',
  'module' => 
  array (
    0 => 'login',
    1 => 'login',
    2 => 'login',
  ),
)
[ info ] [ HEADER ] array (
  'host' => '47.100.169.35',
  'user-agent' => 'Mozilla/5.0 (X11; Ubuntu; Linux x86_64; rv:57.0) Gecko/20100101 Firefox/57.0',
  'accept' => 'text/html,application/xhtml+xml,application/xml;q=0.9,*/*;q=0.8',
  'accept-language' => 'zh-CN,zh;q=0.8,zh-TW;q=0.7,zh-HK;q=0.5,en-US;q=0.3,en;q=0.2',
  'accept-encoding' => 'gzip, deflate',
  'referer' => 'http://47.100.169.35/tp5/public/admin/user/index',
  'connection' => 'keep-alive',
  'upgrade-insecure-requests' => '1',
  'pragma' => 'no-cache',
  'cache-control' => 'no-cache',
)
[ info ] [ PARAM ] array (
)
[ info ] [ RUN ] app\login\controller\Login->login[ /mnt/code/tp5/application/login/controller/Login.php ]
[ info ] [ VIEW ] /mnt/code/tp5/public/../application/login/view/login/login.html [ array (
) ]
[ info ] [ LOG ] INIT File
