---------------------------------------------------------------
[ 2018-01-31T21:49:23+08:00 ] 14.130.168.34 GET /tp5/public/test/test/test
[ info ] 47.100.169.35/tp5/public/test/test/test [运行时间：0.171462s][吞吐率：5.83req/s] [内存消耗：317.94kb] [文件加载：42]
[ info ] [ LANG ] /mnt/code/tp5/thinkphp/lang/zh-cn.php
[ info ] [ ROUTE ] array (
  'type' => 'module',
  'module' => 
  array (
    0 => 'test',
    1 => 'test',
    2 => 'test',
  ),
)
[ info ] [ HEADER ] array (
  'host' => '47.100.169.35',
  'connection' => 'keep-alive',
  'user-agent' => 'Mozilla/5.0 (Windows NT 10.0; WOW64) AppleWebKit/537.36 (KHTML, like Gecko) Chrome/62.0.3202.94 Safari/537.36',
  'upgrade-insecure-requests' => '1',
  'accept' => 'text/html,application/xhtml+xml,application/xml;q=0.9,image/webp,image/apng,*/*;q=0.8',
  'accept-encoding' => 'gzip, deflate',
  'accept-language' => 'zh-CN,zh;q=0.9',
)
[ info ] [ PARAM ] array (
)
[ info ] [ RUN ] app\test\controller\Test->test[ /mnt/code/tp5/application/test/controller/Test.php ]
[ info ] [ LOG ] INIT File
---------------------------------------------------------------
[ 2018-01-31T21:49:38+08:00 ] 14.130.168.34 GET /tp5/public/test/test/test
[ info ] 47.100.169.35/tp5/public/test/test/test [运行时间：0.001608s][吞吐率：621.93req/s] [内存消耗：249.09kb] [文件加载：42]
[ info ] [ LANG ] /mnt/code/tp5/thinkphp/lang/zh-cn.php
[ info ] [ ROUTE ] array (
  'type' => 'module',
  'module' => 
  array (
    0 => 'test',
    1 => 'test',
    2 => 'test',
  ),
)
[ info ] [ HEADER ] array (
  'host' => '47.100.169.35',
  'connection' => 'keep-alive',
  'cache-control' => 'max-age=0',
  'user-agent' => 'Mozilla/5.0 (Windows NT 10.0; WOW64) AppleWebKit/537.36 (KHTML, like Gecko) Chrome/62.0.3202.94 Safari/537.36',
  'upgrade-insecure-requests' => '1',
  'accept' => 'text/html,application/xhtml+xml,application/xml;q=0.9,image/webp,image/apng,*/*;q=0.8',
  'accept-encoding' => 'gzip, deflate',
  'accept-language' => 'zh-CN,zh;q=0.9',
)
[ info ] [ PARAM ] array (
)
[ info ] [ RUN ] app\test\controller\Test->test[ /mnt/code/tp5/application/test/controller/Test.php ]
[ info ] [ LOG ] INIT File
---------------------------------------------------------------
[ 2018-01-31T21:50:42+08:00 ] 14.130.168.34 GET /tp5/public/test/test/test
[ info ] 47.100.169.35/tp5/public/test/test/test [运行时间：0.002678s][吞吐率：373.42req/s] [内存消耗：249.09kb] [文件加载：42]
[ info ] [ LANG ] /mnt/code/tp5/thinkphp/lang/zh-cn.php
[ info ] [ ROUTE ] array (
  'type' => 'module',
  'module' => 
  array (
    0 => 'test',
    1 => 'test',
    2 => 'test',
  ),
)
[ info ] [ HEADER ] array (
  'host' => '47.100.169.35',
  'connection' => 'keep-alive',
  'cache-control' => 'max-age=0',
  'user-agent' => 'Mozilla/5.0 (Windows NT 10.0; WOW64) AppleWebKit/537.36 (KHTML, like Gecko) Chrome/62.0.3202.94 Safari/537.36',
  'upgrade-insecure-requests' => '1',
  'accept' => 'text/html,application/xhtml+xml,application/xml;q=0.9,image/webp,image/apng,*/*;q=0.8',
  'accept-encoding' => 'gzip, deflate',
  'accept-language' => 'zh-CN,zh;q=0.9',
)
[ info ] [ PARAM ] array (
)
[ info ] [ RUN ] app\test\controller\Test->test[ /mnt/code/tp5/application/test/controller/Test.php ]
[ info ] [ LOG ] INIT File
---------------------------------------------------------------
[ 2018-01-31T21:50:50+08:00 ] 14.130.168.34 GET /tp5/public/test/test/test/dfasd/asd/asd
[ info ] 47.100.169.35/tp5/public/test/test/test/dfasd/asd/asd [运行时间：0.001776s][吞吐率：562.99req/s] [内存消耗：249.75kb] [文件加载：42]
[ info ] [ LANG ] /mnt/code/tp5/thinkphp/lang/zh-cn.php
[ info ] [ ROUTE ] array (
  'type' => 'module',
  'module' => 
  array (
    0 => 'test',
    1 => 'test',
    2 => 'test',
  ),
)
[ info ] [ HEADER ] array (
  'host' => '47.100.169.35',
  'connection' => 'keep-alive',
  'user-agent' => 'Mozilla/5.0 (Windows NT 10.0; WOW64) AppleWebKit/537.36 (KHTML, like Gecko) Chrome/62.0.3202.94 Safari/537.36',
  'upgrade-insecure-requests' => '1',
  'accept' => 'text/html,application/xhtml+xml,application/xml;q=0.9,image/webp,image/apng,*/*;q=0.8',
  'accept-encoding' => 'gzip, deflate',
  'accept-language' => 'zh-CN,zh;q=0.9',
)
[ info ] [ PARAM ] array (
  'dfasd' => 'asd',
)
[ info ] [ RUN ] app\test\controller\Test->test[ /mnt/code/tp5/application/test/controller/Test.php ]
[ info ] [ LOG ] INIT File
---------------------------------------------------------------
[ 2018-01-31T21:50:52+08:00 ] 14.130.168.34 GET /tp5/public/test/test/test/dfasd/asd/asd
[ info ] 47.100.169.35/tp5/public/test/test/test/dfasd/asd/asd [运行时间：0.001382s][吞吐率：723.53req/s] [内存消耗：249.83kb] [文件加载：42]
[ info ] [ LANG ] /mnt/code/tp5/thinkphp/lang/zh-cn.php
[ info ] [ ROUTE ] array (
  'type' => 'module',
  'module' => 
  array (
    0 => 'test',
    1 => 'test',
    2 => 'test',
  ),
)
[ info ] [ HEADER ] array (
  'host' => '47.100.169.35',
  'connection' => 'keep-alive',
  'cache-control' => 'max-age=0',
  'upgrade-insecure-requests' => '1',
  'user-agent' => 'Mozilla/5.0 (Windows NT 10.0; WOW64) AppleWebKit/537.36 (KHTML, like Gecko) Chrome/62.0.3202.94 Safari/537.36',
  'accept' => 'text/html,application/xhtml+xml,application/xml;q=0.9,image/webp,image/apng,*/*;q=0.8',
  'accept-encoding' => 'gzip, deflate',
  'accept-language' => 'zh-CN,zh;q=0.9',
)
[ info ] [ PARAM ] array (
  'dfasd' => 'asd',
)
[ info ] [ RUN ] app\test\controller\Test->test[ /mnt/code/tp5/application/test/controller/Test.php ]
[ info ] [ LOG ] INIT File
---------------------------------------------------------------
[ 2018-01-31T21:51:33+08:00 ] 14.130.168.34 GET /tp5/public/test/test/test/dfasd/asd/asd
[ info ] 47.100.169.35/tp5/public/test/test/test/dfasd/asd/asd [运行时间：0.001513s][吞吐率：660.94req/s] [内存消耗：249.83kb] [文件加载：42]
[ info ] [ LANG ] /mnt/code/tp5/thinkphp/lang/zh-cn.php
[ info ] [ ROUTE ] array (
  'type' => 'module',
  'module' => 
  array (
    0 => 'test',
    1 => 'test',
    2 => 'test',
  ),
)
[ info ] [ HEADER ] array (
  'host' => '47.100.169.35',
  'connection' => 'keep-alive',
  'cache-control' => 'max-age=0',
  'user-agent' => 'Mozilla/5.0 (Windows NT 10.0; WOW64) AppleWebKit/537.36 (KHTML, like Gecko) Chrome/62.0.3202.94 Safari/537.36',
  'upgrade-insecure-requests' => '1',
  'accept' => 'text/html,application/xhtml+xml,application/xml;q=0.9,image/webp,image/apng,*/*;q=0.8',
  'accept-encoding' => 'gzip, deflate',
  'accept-language' => 'zh-CN,zh;q=0.9',
)
[ info ] [ PARAM ] array (
  'dfasd' => 'asd',
)
[ info ] [ RUN ] app\test\controller\Test->test[ /mnt/code/tp5/application/test/controller/Test.php ]
[ info ] [ LOG ] INIT File
---------------------------------------------------------------
[ 2018-01-31T21:51:35+08:00 ] 14.130.168.34 GET /tp5/public/test/test/test/dfasd/asd/asd
[ info ] 47.100.169.35/tp5/public/test/test/test/dfasd/asd/asd [运行时间：0.001202s][吞吐率：831.87req/s] [内存消耗：249.83kb] [文件加载：42]
[ info ] [ LANG ] /mnt/code/tp5/thinkphp/lang/zh-cn.php
[ info ] [ ROUTE ] array (
  'type' => 'module',
  'module' => 
  array (
    0 => 'test',
    1 => 'test',
    2 => 'test',
  ),
)
[ info ] [ HEADER ] array (
  'host' => '47.100.169.35',
  'connection' => 'keep-alive',
  'cache-control' => 'max-age=0',
  'user-agent' => 'Mozilla/5.0 (Windows NT 10.0; WOW64) AppleWebKit/537.36 (KHTML, like Gecko) Chrome/62.0.3202.94 Safari/537.36',
  'upgrade-insecure-requests' => '1',
  'accept' => 'text/html,application/xhtml+xml,application/xml;q=0.9,image/webp,image/apng,*/*;q=0.8',
  'accept-encoding' => 'gzip, deflate',
  'accept-language' => 'zh-CN,zh;q=0.9',
)
[ info ] [ PARAM ] array (
  'dfasd' => 'asd',
)
[ info ] [ RUN ] app\test\controller\Test->test[ /mnt/code/tp5/application/test/controller/Test.php ]
[ info ] [ LOG ] INIT File
---------------------------------------------------------------
[ 2018-01-31T21:51:43+08:00 ] 14.130.168.34 GET /tp5/public/test/test/test/dfasd/asd/asd
[ info ] 47.100.169.35/tp5/public/test/test/test/dfasd/asd/asd [运行时间：0.001713s][吞吐率：583.76req/s] [内存消耗：249.83kb] [文件加载：42]
[ info ] [ LANG ] /mnt/code/tp5/thinkphp/lang/zh-cn.php
[ info ] [ ROUTE ] array (
  'type' => 'module',
  'module' => 
  array (
    0 => 'test',
    1 => 'test',
    2 => 'test',
  ),
)
[ info ] [ HEADER ] array (
  'host' => '47.100.169.35',
  'connection' => 'keep-alive',
  'cache-control' => 'max-age=0',
  'user-agent' => 'Mozilla/5.0 (Windows NT 10.0; WOW64) AppleWebKit/537.36 (KHTML, like Gecko) Chrome/62.0.3202.94 Safari/537.36',
  'upgrade-insecure-requests' => '1',
  'accept' => 'text/html,application/xhtml+xml,application/xml;q=0.9,image/webp,image/apng,*/*;q=0.8',
  'accept-encoding' => 'gzip, deflate',
  'accept-language' => 'zh-CN,zh;q=0.9',
)
[ info ] [ PARAM ] array (
  'dfasd' => 'asd',
)
[ info ] [ RUN ] app\test\controller\Test->test[ /mnt/code/tp5/application/test/controller/Test.php ]
[ info ] [ LOG ] INIT File
---------------------------------------------------------------
[ 2018-01-31T21:55:13+08:00 ] 14.130.168.34 GET /tp5/public/test/test/test/dfasd/asd/asd
[ info ] 47.100.169.35/tp5/public/test/test/test/dfasd/asd/asd [运行时间：0.077264s][吞吐率：12.94req/s] [内存消耗：399.00kb] [文件加载：49]
[ info ] [ LANG ] /mnt/code/tp5/thinkphp/lang/zh-cn.php
[ info ] [ ROUTE ] array (
  'type' => 'module',
  'module' => 
  array (
    0 => 'test',
    1 => 'test',
    2 => 'test',
  ),
)
[ info ] [ HEADER ] array (
  'host' => '47.100.169.35',
  'connection' => 'keep-alive',
  'cache-control' => 'max-age=0',
  'user-agent' => 'Mozilla/5.0 (Windows NT 10.0; WOW64) AppleWebKit/537.36 (KHTML, like Gecko) Chrome/62.0.3202.94 Safari/537.36',
  'upgrade-insecure-requests' => '1',
  'accept' => 'text/html,application/xhtml+xml,application/xml;q=0.9,image/webp,image/apng,*/*;q=0.8',
  'accept-encoding' => 'gzip, deflate',
  'accept-language' => 'zh-CN,zh;q=0.9',
)
[ info ] [ PARAM ] array (
  'dfasd' => 'asd',
)
[ info ] [ RUN ] app\test\controller\Test->test[ /mnt/code/tp5/application/test/controller/Test.php ]
[ info ] [ DB ] INIT mysql
[ info ] [ LOG ] INIT File
[ sql ] [ DB ] CONNECT:[ UseTime:0.000587s ] mysql:host=127.0.0.1;port=3306;dbname=tptest1;charset=utf8
[ sql ] [ SQL ] SHOW COLUMNS FROM `testone` [ RunTime:0.001072s ]
[ sql ] [ SQL ] SELECT * FROM `testone` LIMIT 1 [ RunTime:0.000274s ]
---------------------------------------------------------------
[ 2018-01-31T21:57:54+08:00 ] 14.130.168.34 GET /tp5/public/test/test/test/dfasd/asd/asd/asdffgf
[ info ] 47.100.169.35/tp5/public/test/test/test/dfasd/asd/asd/asdffgf [运行时间：0.003743s][吞吐率：267.17req/s] [内存消耗：397.38kb] [文件加载：49]
[ info ] [ LANG ] /mnt/code/tp5/thinkphp/lang/zh-cn.php
[ info ] [ ROUTE ] array (
  'type' => 'module',
  'module' => 
  array (
    0 => 'test',
    1 => 'test',
    2 => 'test',
  ),
)
[ info ] [ HEADER ] array (
  'host' => '47.100.169.35',
  'connection' => 'keep-alive',
  'user-agent' => 'Mozilla/5.0 (Windows NT 10.0; WOW64) AppleWebKit/537.36 (KHTML, like Gecko) Chrome/62.0.3202.94 Safari/537.36',
  'upgrade-insecure-requests' => '1',
  'accept' => 'text/html,application/xhtml+xml,application/xml;q=0.9,image/webp,image/apng,*/*;q=0.8',
  'accept-encoding' => 'gzip, deflate',
  'accept-language' => 'zh-CN,zh;q=0.9',
)
[ info ] [ PARAM ] array (
  'dfasd' => 'asd',
  'asd' => 'asdffgf',
)
[ info ] [ RUN ] app\test\controller\Test->test[ /mnt/code/tp5/application/test/controller/Test.php ]
[ info ] [ DB ] INIT mysql
[ info ] [ LOG ] INIT File
[ sql ] [ DB ] CONNECT:[ UseTime:0.000525s ] mysql:host=127.0.0.1;port=3306;dbname=tptest1;charset=utf8
[ sql ] [ SQL ] SHOW COLUMNS FROM `testone` [ RunTime:0.000696s ]
[ sql ] [ SQL ] SELECT * FROM `testone` LIMIT 1 [ RunTime:0.000279s ]
---------------------------------------------------------------
[ 2018-01-31T22:42:15+08:00 ] 14.130.168.34 GET /tp5/public/test/test/test/dfasd/asd/asd/asdffgf
[ info ] 47.100.169.35/tp5/public/test/test/test/dfasd/asd/asd/asdffgf [运行时间：0.003441s][吞吐率：290.63req/s] [内存消耗：397.46kb] [文件加载：49]
[ info ] [ LANG ] /mnt/code/tp5/thinkphp/lang/zh-cn.php
[ info ] [ ROUTE ] array (
  'type' => 'module',
  'module' => 
  array (
    0 => 'test',
    1 => 'test',
    2 => 'test',
  ),
)
[ info ] [ HEADER ] array (
  'host' => '47.100.169.35',
  'connection' => 'keep-alive',
  'cache-control' => 'max-age=0',
  'user-agent' => 'Mozilla/5.0 (Windows NT 10.0; WOW64) AppleWebKit/537.36 (KHTML, like Gecko) Chrome/62.0.3202.94 Safari/537.36',
  'upgrade-insecure-requests' => '1',
  'accept' => 'text/html,application/xhtml+xml,application/xml;q=0.9,image/webp,image/apng,*/*;q=0.8',
  'accept-encoding' => 'gzip, deflate',
  'accept-language' => 'zh-CN,zh;q=0.9',
)
[ info ] [ PARAM ] array (
  'dfasd' => 'asd',
  'asd' => 'asdffgf',
)
[ info ] [ RUN ] app\test\controller\Test->test[ /mnt/code/tp5/application/test/controller/Test.php ]
[ info ] [ DB ] INIT mysql
[ info ] [ LOG ] INIT File
[ sql ] [ DB ] CONNECT:[ UseTime:0.000500s ] mysql:host=127.0.0.1;port=3306;dbname=tptest1;charset=utf8
[ sql ] [ SQL ] SHOW COLUMNS FROM `testone` [ RunTime:0.000703s ]
[ sql ] [ SQL ] SELECT * FROM `testone` LIMIT 1 [ RunTime:0.000281s ]
---------------------------------------------------------------
[ 2018-01-31T22:42:21+08:00 ] 14.130.168.34 GET /tp5/public/test/test/test/dfasd/asd/asd/asdffgf
[ info ] 47.100.169.35/tp5/public/test/test/test/dfasd/asd/asd/asdffgf [运行时间：0.003550s][吞吐率：281.69req/s] [内存消耗：397.46kb] [文件加载：49]
[ info ] [ LANG ] /mnt/code/tp5/thinkphp/lang/zh-cn.php
[ info ] [ ROUTE ] array (
  'type' => 'module',
  'module' => 
  array (
    0 => 'test',
    1 => 'test',
    2 => 'test',
  ),
)
[ info ] [ HEADER ] array (
  'host' => '47.100.169.35',
  'connection' => 'keep-alive',
  'cache-control' => 'max-age=0',
  'user-agent' => 'Mozilla/5.0 (Windows NT 10.0; WOW64) AppleWebKit/537.36 (KHTML, like Gecko) Chrome/62.0.3202.94 Safari/537.36',
  'upgrade-insecure-requests' => '1',
  'accept' => 'text/html,application/xhtml+xml,application/xml;q=0.9,image/webp,image/apng,*/*;q=0.8',
  'accept-encoding' => 'gzip, deflate',
  'accept-language' => 'zh-CN,zh;q=0.9',
)
[ info ] [ PARAM ] array (
  'dfasd' => 'asd',
  'asd' => 'asdffgf',
)
[ info ] [ RUN ] app\test\controller\Test->test[ /mnt/code/tp5/application/test/controller/Test.php ]
[ info ] [ DB ] INIT mysql
[ info ] [ LOG ] INIT File
[ sql ] [ DB ] CONNECT:[ UseTime:0.000480s ] mysql:host=127.0.0.1;port=3306;dbname=tptest1;charset=utf8
[ sql ] [ SQL ] SHOW COLUMNS FROM `testone` [ RunTime:0.000660s ]
[ sql ] [ SQL ] SELECT * FROM `testone` LIMIT 1 [ RunTime:0.000264s ]
---------------------------------------------------------------
[ 2018-01-31T22:47:31+08:00 ] 14.130.168.34 GET /tp5/public/test/test/test/dfasd/asd/asd/asdffgf.html
[ info ] 47.100.169.35/tp5/public/test/test/test/dfasd/asd/asd/asdffgf.html [运行时间：0.003704s][吞吐率：269.99req/s] [内存消耗：397.51kb] [文件加载：49]
[ info ] [ LANG ] /mnt/code/tp5/thinkphp/lang/zh-cn.php
[ info ] [ ROUTE ] array (
  'type' => 'module',
  'module' => 
  array (
    0 => 'test',
    1 => 'test',
    2 => 'test',
  ),
)
[ info ] [ HEADER ] array (
  'host' => '47.100.169.35',
  'connection' => 'keep-alive',
  'user-agent' => 'Mozilla/5.0 (Windows NT 10.0; WOW64) AppleWebKit/537.36 (KHTML, like Gecko) Chrome/62.0.3202.94 Safari/537.36',
  'upgrade-insecure-requests' => '1',
  'accept' => 'text/html,application/xhtml+xml,application/xml;q=0.9,image/webp,image/apng,*/*;q=0.8',
  'accept-encoding' => 'gzip, deflate',
  'accept-language' => 'zh-CN,zh;q=0.9',
)
[ info ] [ PARAM ] array (
  'dfasd' => 'asd',
  'asd' => 'asdffgf',
)
[ info ] [ RUN ] app\test\controller\Test->test[ /mnt/code/tp5/application/test/controller/Test.php ]
[ info ] [ DB ] INIT mysql
[ info ] [ LOG ] INIT File
[ sql ] [ DB ] CONNECT:[ UseTime:0.000514s ] mysql:host=127.0.0.1;port=3306;dbname=tptest1;charset=utf8
[ sql ] [ SQL ] SHOW COLUMNS FROM `testone` [ RunTime:0.000728s ]
[ sql ] [ SQL ] SELECT * FROM `testone` LIMIT 1 [ RunTime:0.000270s ]
---------------------------------------------------------------
[ 2018-01-31T22:47:33+08:00 ] 14.130.168.34 GET /tp5/public/test/test/test/dfasd/asd/asd/asdffgf.html
[ info ] 47.100.169.35/tp5/public/test/test/test/dfasd/asd/asd/asdffgf.html [运行时间：0.002882s][吞吐率：346.98req/s] [内存消耗：397.59kb] [文件加载：49]
[ info ] [ LANG ] /mnt/code/tp5/thinkphp/lang/zh-cn.php
[ info ] [ ROUTE ] array (
  'type' => 'module',
  'module' => 
  array (
    0 => 'test',
    1 => 'test',
    2 => 'test',
  ),
)
[ info ] [ HEADER ] array (
  'host' => '47.100.169.35',
  'connection' => 'keep-alive',
  'cache-control' => 'max-age=0',
  'upgrade-insecure-requests' => '1',
  'user-agent' => 'Mozilla/5.0 (Windows NT 10.0; WOW64) AppleWebKit/537.36 (KHTML, like Gecko) Chrome/62.0.3202.94 Safari/537.36',
  'accept' => 'text/html,application/xhtml+xml,application/xml;q=0.9,image/webp,image/apng,*/*;q=0.8',
  'accept-encoding' => 'gzip, deflate',
  'accept-language' => 'zh-CN,zh;q=0.9',
)
[ info ] [ PARAM ] array (
  'dfasd' => 'asd',
  'asd' => 'asdffgf',
)
[ info ] [ RUN ] app\test\controller\Test->test[ /mnt/code/tp5/application/test/controller/Test.php ]
[ info ] [ DB ] INIT mysql
[ info ] [ LOG ] INIT File
[ sql ] [ DB ] CONNECT:[ UseTime:0.000484s ] mysql:host=127.0.0.1;port=3306;dbname=tptest1;charset=utf8
[ sql ] [ SQL ] SHOW COLUMNS FROM `testone` [ RunTime:0.000663s ]
[ sql ] [ SQL ] SELECT * FROM `testone` LIMIT 1 [ RunTime:0.000278s ]
---------------------------------------------------------------
[ 2018-01-31T22:47:33+08:00 ] 14.130.168.34 GET /tp5/public/test/test/test/dfasd/asd/asd/asdffgf.html
[ info ] 47.100.169.35/tp5/public/test/test/test/dfasd/asd/asd/asdffgf.html [运行时间：0.003919s][吞吐率：255.17req/s] [内存消耗：397.59kb] [文件加载：49]
[ info ] [ LANG ] /mnt/code/tp5/thinkphp/lang/zh-cn.php
[ info ] [ ROUTE ] array (
  'type' => 'module',
  'module' => 
  array (
    0 => 'test',
    1 => 'test',
    2 => 'test',
  ),
)
[ info ] [ HEADER ] array (
  'host' => '47.100.169.35',
  'connection' => 'keep-alive',
  'cache-control' => 'max-age=0',
  'upgrade-insecure-requests' => '1',
  'user-agent' => 'Mozilla/5.0 (Windows NT 10.0; WOW64) AppleWebKit/537.36 (KHTML, like Gecko) Chrome/62.0.3202.94 Safari/537.36',
  'accept' => 'text/html,application/xhtml+xml,application/xml;q=0.9,image/webp,image/apng,*/*;q=0.8',
  'accept-encoding' => 'gzip, deflate',
  'accept-language' => 'zh-CN,zh;q=0.9',
)
[ info ] [ PARAM ] array (
  'dfasd' => 'asd',
  'asd' => 'asdffgf',
)
[ info ] [ RUN ] app\test\controller\Test->test[ /mnt/code/tp5/application/test/controller/Test.php ]
[ info ] [ DB ] INIT mysql
[ info ] [ LOG ] INIT File
[ sql ] [ DB ] CONNECT:[ UseTime:0.000494s ] mysql:host=127.0.0.1;port=3306;dbname=tptest1;charset=utf8
[ sql ] [ SQL ] SHOW COLUMNS FROM `testone` [ RunTime:0.000806s ]
[ sql ] [ SQL ] SELECT * FROM `testone` LIMIT 1 [ RunTime:0.001175s ]
---------------------------------------------------------------
[ 2018-01-31T22:47:34+08:00 ] 14.130.168.34 GET /tp5/public/test/test/test/dfasd/asd/asd/asdffgf.html
[ info ] 47.100.169.35/tp5/public/test/test/test/dfasd/asd/asd/asdffgf.html [运行时间：0.003104s][吞吐率：322.17req/s] [内存消耗：397.59kb] [文件加载：49]
[ info ] [ LANG ] /mnt/code/tp5/thinkphp/lang/zh-cn.php
[ info ] [ ROUTE ] array (
  'type' => 'module',
  'module' => 
  array (
    0 => 'test',
    1 => 'test',
    2 => 'test',
  ),
)
[ info ] [ HEADER ] array (
  'host' => '47.100.169.35',
  'connection' => 'keep-alive',
  'cache-control' => 'max-age=0',
  'upgrade-insecure-requests' => '1',
  'user-agent' => 'Mozilla/5.0 (Windows NT 10.0; WOW64) AppleWebKit/537.36 (KHTML, like Gecko) Chrome/62.0.3202.94 Safari/537.36',
  'accept' => 'text/html,application/xhtml+xml,application/xml;q=0.9,image/webp,image/apng,*/*;q=0.8',
  'accept-encoding' => 'gzip, deflate',
  'accept-language' => 'zh-CN,zh;q=0.9',
)
[ info ] [ PARAM ] array (
  'dfasd' => 'asd',
  'asd' => 'asdffgf',
)
[ info ] [ RUN ] app\test\controller\Test->test[ /mnt/code/tp5/application/test/controller/Test.php ]
[ info ] [ DB ] INIT mysql
[ info ] [ LOG ] INIT File
[ sql ] [ DB ] CONNECT:[ UseTime:0.000483s ] mysql:host=127.0.0.1;port=3306;dbname=tptest1;charset=utf8
[ sql ] [ SQL ] SHOW COLUMNS FROM `testone` [ RunTime:0.000674s ]
[ sql ] [ SQL ] SELECT * FROM `testone` LIMIT 1 [ RunTime:0.000317s ]
---------------------------------------------------------------
[ 2018-01-31T22:47:34+08:00 ] 14.130.168.34 GET /tp5/public/test/test/test/dfasd/asd/asd/asdffgf.html
[ info ] 47.100.169.35/tp5/public/test/test/test/dfasd/asd/asd/asdffgf.html [运行时间：0.002907s][吞吐率：344.02req/s] [内存消耗：397.59kb] [文件加载：49]
[ info ] [ LANG ] /mnt/code/tp5/thinkphp/lang/zh-cn.php
[ info ] [ ROUTE ] array (
  'type' => 'module',
  'module' => 
  array (
    0 => 'test',
    1 => 'test',
    2 => 'test',
  ),
)
[ info ] [ HEADER ] array (
  'host' => '47.100.169.35',
  'connection' => 'keep-alive',
  'cache-control' => 'max-age=0',
  'upgrade-insecure-requests' => '1',
  'user-agent' => 'Mozilla/5.0 (Windows NT 10.0; WOW64) AppleWebKit/537.36 (KHTML, like Gecko) Chrome/62.0.3202.94 Safari/537.36',
  'accept' => 'text/html,application/xhtml+xml,application/xml;q=0.9,image/webp,image/apng,*/*;q=0.8',
  'accept-encoding' => 'gzip, deflate',
  'accept-language' => 'zh-CN,zh;q=0.9',
)
[ info ] [ PARAM ] array (
  'dfasd' => 'asd',
  'asd' => 'asdffgf',
)
[ info ] [ RUN ] app\test\controller\Test->test[ /mnt/code/tp5/application/test/controller/Test.php ]
[ info ] [ DB ] INIT mysql
[ info ] [ LOG ] INIT File
[ sql ] [ DB ] CONNECT:[ UseTime:0.000498s ] mysql:host=127.0.0.1;port=3306;dbname=tptest1;charset=utf8
[ sql ] [ SQL ] SHOW COLUMNS FROM `testone` [ RunTime:0.000667s ]
[ sql ] [ SQL ] SELECT * FROM `testone` LIMIT 1 [ RunTime:0.000268s ]
---------------------------------------------------------------
[ 2018-01-31T22:47:34+08:00 ] 14.130.168.34 GET /tp5/public/test/test/test/dfasd/asd/asd/asdffgf.html
[ info ] 47.100.169.35/tp5/public/test/test/test/dfasd/asd/asd/asdffgf.html [运行时间：0.003352s][吞吐率：298.34req/s] [内存消耗：397.59kb] [文件加载：49]
[ info ] [ LANG ] /mnt/code/tp5/thinkphp/lang/zh-cn.php
[ info ] [ ROUTE ] array (
  'type' => 'module',
  'module' => 
  array (
    0 => 'test',
    1 => 'test',
    2 => 'test',
  ),
)
[ info ] [ HEADER ] array (
  'host' => '47.100.169.35',
  'connection' => 'keep-alive',
  'cache-control' => 'max-age=0',
  'upgrade-insecure-requests' => '1',
  'user-agent' => 'Mozilla/5.0 (Windows NT 10.0; WOW64) AppleWebKit/537.36 (KHTML, like Gecko) Chrome/62.0.3202.94 Safari/537.36',
  'accept' => 'text/html,application/xhtml+xml,application/xml;q=0.9,image/webp,image/apng,*/*;q=0.8',
  'accept-encoding' => 'gzip, deflate',
  'accept-language' => 'zh-CN,zh;q=0.9',
)
[ info ] [ PARAM ] array (
  'dfasd' => 'asd',
  'asd' => 'asdffgf',
)
[ info ] [ RUN ] app\test\controller\Test->test[ /mnt/code/tp5/application/test/controller/Test.php ]
[ info ] [ DB ] INIT mysql
[ info ] [ LOG ] INIT File
[ sql ] [ DB ] CONNECT:[ UseTime:0.000483s ] mysql:host=127.0.0.1;port=3306;dbname=tptest1;charset=utf8
[ sql ] [ SQL ] SHOW COLUMNS FROM `testone` [ RunTime:0.000735s ]
[ sql ] [ SQL ] SELECT * FROM `testone` LIMIT 1 [ RunTime:0.000270s ]
---------------------------------------------------------------
[ 2018-01-31T22:47:34+08:00 ] 14.130.168.34 GET /tp5/public/test/test/test/dfasd/asd/asd/asdffgf.html
[ info ] 47.100.169.35/tp5/public/test/test/test/dfasd/asd/asd/asdffgf.html [运行时间：0.003015s][吞吐率：331.70req/s] [内存消耗：397.59kb] [文件加载：49]
[ info ] [ LANG ] /mnt/code/tp5/thinkphp/lang/zh-cn.php
[ info ] [ ROUTE ] array (
  'type' => 'module',
  'module' => 
  array (
    0 => 'test',
    1 => 'test',
    2 => 'test',
  ),
)
[ info ] [ HEADER ] array (
  'host' => '47.100.169.35',
  'connection' => 'keep-alive',
  'cache-control' => 'max-age=0',
  'upgrade-insecure-requests' => '1',
  'user-agent' => 'Mozilla/5.0 (Windows NT 10.0; WOW64) AppleWebKit/537.36 (KHTML, like Gecko) Chrome/62.0.3202.94 Safari/537.36',
  'accept' => 'text/html,application/xhtml+xml,application/xml;q=0.9,image/webp,image/apng,*/*;q=0.8',
  'accept-encoding' => 'gzip, deflate',
  'accept-language' => 'zh-CN,zh;q=0.9',
)
[ info ] [ PARAM ] array (
  'dfasd' => 'asd',
  'asd' => 'asdffgf',
)
[ info ] [ RUN ] app\test\controller\Test->test[ /mnt/code/tp5/application/test/controller/Test.php ]
[ info ] [ DB ] INIT mysql
[ info ] [ LOG ] INIT File
[ sql ] [ DB ] CONNECT:[ UseTime:0.000500s ] mysql:host=127.0.0.1;port=3306;dbname=tptest1;charset=utf8
[ sql ] [ SQL ] SHOW COLUMNS FROM `testone` [ RunTime:0.000742s ]
[ sql ] [ SQL ] SELECT * FROM `testone` LIMIT 1 [ RunTime:0.000355s ]
---------------------------------------------------------------
[ 2018-01-31T22:47:43+08:00 ] 14.130.168.34 GET /tp5/public/test/test/test.html
[ info ] 47.100.169.35/tp5/public/test/test/test.html [运行时间：0.003583s][吞吐率：279.10req/s] [内存消耗：396.61kb] [文件加载：49]
[ info ] [ LANG ] /mnt/code/tp5/thinkphp/lang/zh-cn.php
[ info ] [ ROUTE ] array (
  'type' => 'module',
  'module' => 
  array (
    0 => 'test',
    1 => 'test',
    2 => 'test',
  ),
)
[ info ] [ HEADER ] array (
  'host' => '47.100.169.35',
  'connection' => 'keep-alive',
  'user-agent' => 'Mozilla/5.0 (Windows NT 10.0; WOW64) AppleWebKit/537.36 (KHTML, like Gecko) Chrome/62.0.3202.94 Safari/537.36',
  'upgrade-insecure-requests' => '1',
  'accept' => 'text/html,application/xhtml+xml,application/xml;q=0.9,image/webp,image/apng,*/*;q=0.8',
  'accept-encoding' => 'gzip, deflate',
  'accept-language' => 'zh-CN,zh;q=0.9',
)
[ info ] [ PARAM ] array (
)
[ info ] [ RUN ] app\test\controller\Test->test[ /mnt/code/tp5/application/test/controller/Test.php ]
[ info ] [ DB ] INIT mysql
[ info ] [ LOG ] INIT File
[ sql ] [ DB ] CONNECT:[ UseTime:0.000506s ] mysql:host=127.0.0.1;port=3306;dbname=tptest1;charset=utf8
[ sql ] [ SQL ] SHOW COLUMNS FROM `testone` [ RunTime:0.000696s ]
[ sql ] [ SQL ] SELECT * FROM `testone` LIMIT 1 [ RunTime:0.000270s ]
---------------------------------------------------------------
[ 2018-01-31T22:50:37+08:00 ] 14.130.168.34 GET /tp5/public/test/test/test.html
[ info ] 47.100.169.35/tp5/public/test/test/test.html [运行时间：0.003380s][吞吐率：295.85req/s] [内存消耗：396.69kb] [文件加载：49]
[ info ] [ LANG ] /mnt/code/tp5/thinkphp/lang/zh-cn.php
[ info ] [ ROUTE ] array (
  'type' => 'module',
  'module' => 
  array (
    0 => 'test',
    1 => 'test',
    2 => 'test',
  ),
)
[ info ] [ HEADER ] array (
  'host' => '47.100.169.35',
  'connection' => 'keep-alive',
  'cache-control' => 'max-age=0',
  'upgrade-insecure-requests' => '1',
  'user-agent' => 'Mozilla/5.0 (Windows NT 10.0; WOW64) AppleWebKit/537.36 (KHTML, like Gecko) Chrome/62.0.3202.94 Safari/537.36',
  'accept' => 'text/html,application/xhtml+xml,application/xml;q=0.9,image/webp,image/apng,*/*;q=0.8',
  'accept-encoding' => 'gzip, deflate',
  'accept-language' => 'zh-CN,zh;q=0.9',
)
[ info ] [ PARAM ] array (
)
[ info ] [ RUN ] app\test\controller\Test->test[ /mnt/code/tp5/application/test/controller/Test.php ]
[ info ] [ DB ] INIT mysql
[ info ] [ LOG ] INIT File
[ sql ] [ DB ] CONNECT:[ UseTime:0.000518s ] mysql:host=127.0.0.1;port=3306;dbname=tptest1;charset=utf8
[ sql ] [ SQL ] SHOW COLUMNS FROM `testone` [ RunTime:0.000689s ]
[ sql ] [ SQL ] SELECT * FROM `testone` LIMIT 1 [ RunTime:0.000264s ]
---------------------------------------------------------------
[ 2018-01-31T22:50:39+08:00 ] 14.130.168.34 GET /tp5/public/test/test/test.html
[ info ] 47.100.169.35/tp5/public/test/test/test.html [运行时间：0.002931s][吞吐率：341.17req/s] [内存消耗：396.69kb] [文件加载：49]
[ info ] [ LANG ] /mnt/code/tp5/thinkphp/lang/zh-cn.php
[ info ] [ ROUTE ] array (
  'type' => 'module',
  'module' => 
  array (
    0 => 'test',
    1 => 'test',
    2 => 'test',
  ),
)
[ info ] [ HEADER ] array (
  'host' => '47.100.169.35',
  'connection' => 'keep-alive',
  'cache-control' => 'max-age=0',
  'user-agent' => 'Mozilla/5.0 (Windows NT 10.0; WOW64) AppleWebKit/537.36 (KHTML, like Gecko) Chrome/62.0.3202.94 Safari/537.36',
  'upgrade-insecure-requests' => '1',
  'accept' => 'text/html,application/xhtml+xml,application/xml;q=0.9,image/webp,image/apng,*/*;q=0.8',
  'accept-encoding' => 'gzip, deflate',
  'accept-language' => 'zh-CN,zh;q=0.9',
)
[ info ] [ PARAM ] array (
)
[ info ] [ RUN ] app\test\controller\Test->test[ /mnt/code/tp5/application/test/controller/Test.php ]
[ info ] [ DB ] INIT mysql
[ info ] [ LOG ] INIT File
[ sql ] [ DB ] CONNECT:[ UseTime:0.000483s ] mysql:host=127.0.0.1;port=3306;dbname=tptest1;charset=utf8
[ sql ] [ SQL ] SHOW COLUMNS FROM `testone` [ RunTime:0.000670s ]
[ sql ] [ SQL ] SELECT * FROM `testone` LIMIT 1 [ RunTime:0.000274s ]
---------------------------------------------------------------
[ 2018-01-31T22:50:41+08:00 ] 14.130.168.34 GET /tp5/public/test/test/test.html
[ info ] 47.100.169.35/tp5/public/test/test/test.html [运行时间：0.003195s][吞吐率：312.98req/s] [内存消耗：396.69kb] [文件加载：49]
[ info ] [ LANG ] /mnt/code/tp5/thinkphp/lang/zh-cn.php
[ info ] [ ROUTE ] array (
  'type' => 'module',
  'module' => 
  array (
    0 => 'test',
    1 => 'test',
    2 => 'test',
  ),
)
[ info ] [ HEADER ] array (
  'host' => '47.100.169.35',
  'connection' => 'keep-alive',
  'cache-control' => 'max-age=0',
  'user-agent' => 'Mozilla/5.0 (Windows NT 10.0; WOW64) AppleWebKit/537.36 (KHTML, like Gecko) Chrome/62.0.3202.94 Safari/537.36',
  'upgrade-insecure-requests' => '1',
  'accept' => 'text/html,application/xhtml+xml,application/xml;q=0.9,image/webp,image/apng,*/*;q=0.8',
  'accept-encoding' => 'gzip, deflate',
  'accept-language' => 'zh-CN,zh;q=0.9',
)
[ info ] [ PARAM ] array (
)
[ info ] [ RUN ] app\test\controller\Test->test[ /mnt/code/tp5/application/test/controller/Test.php ]
[ info ] [ DB ] INIT mysql
[ info ] [ LOG ] INIT File
[ sql ] [ DB ] CONNECT:[ UseTime:0.000533s ] mysql:host=127.0.0.1;port=3306;dbname=tptest1;charset=utf8
[ sql ] [ SQL ] SHOW COLUMNS FROM `testone` [ RunTime:0.000755s ]
[ sql ] [ SQL ] SELECT * FROM `testone` LIMIT 1 [ RunTime:0.000285s ]
---------------------------------------------------------------
[ 2018-01-31T22:50:44+08:00 ] 14.130.168.34 GET /tp5/public/test/test/test.html
[ info ] 47.100.169.35/tp5/public/test/test/test.html [运行时间：0.003034s][吞吐率：329.61req/s] [内存消耗：396.69kb] [文件加载：49]
[ info ] [ LANG ] /mnt/code/tp5/thinkphp/lang/zh-cn.php
[ info ] [ ROUTE ] array (
  'type' => 'module',
  'module' => 
  array (
    0 => 'test',
    1 => 'test',
    2 => 'test',
  ),
)
[ info ] [ HEADER ] array (
  'host' => '47.100.169.35',
  'connection' => 'keep-alive',
  'cache-control' => 'max-age=0',
  'user-agent' => 'Mozilla/5.0 (Windows NT 10.0; WOW64) AppleWebKit/537.36 (KHTML, like Gecko) Chrome/62.0.3202.94 Safari/537.36',
  'upgrade-insecure-requests' => '1',
  'accept' => 'text/html,application/xhtml+xml,application/xml;q=0.9,image/webp,image/apng,*/*;q=0.8',
  'accept-encoding' => 'gzip, deflate',
  'accept-language' => 'zh-CN,zh;q=0.9',
)
[ info ] [ PARAM ] array (
)
[ info ] [ RUN ] app\test\controller\Test->test[ /mnt/code/tp5/application/test/controller/Test.php ]
[ info ] [ DB ] INIT mysql
[ info ] [ LOG ] INIT File
[ sql ] [ DB ] CONNECT:[ UseTime:0.000481s ] mysql:host=127.0.0.1;port=3306;dbname=tptest1;charset=utf8
[ sql ] [ SQL ] SHOW COLUMNS FROM `testone` [ RunTime:0.000672s ]
[ sql ] [ SQL ] SELECT * FROM `testone` LIMIT 1 [ RunTime:0.000263s ]
---------------------------------------------------------------
[ 2018-01-31T22:51:46+08:00 ] 14.130.168.34 GET /tp5/public/test/test/test.html
[ info ] 47.100.169.35/tp5/public/test/test/test.html [运行时间：0.003772s][吞吐率：265.11req/s] [内存消耗：396.69kb] [文件加载：49]
[ info ] [ LANG ] /mnt/code/tp5/thinkphp/lang/zh-cn.php
[ info ] [ ROUTE ] array (
  'type' => 'module',
  'module' => 
  array (
    0 => 'test',
    1 => 'test',
    2 => 'test',
  ),
)
[ info ] [ HEADER ] array (
  'host' => '47.100.169.35',
  'connection' => 'keep-alive',
  'cache-control' => 'max-age=0',
  'user-agent' => 'Mozilla/5.0 (Windows NT 10.0; WOW64) AppleWebKit/537.36 (KHTML, like Gecko) Chrome/62.0.3202.94 Safari/537.36',
  'upgrade-insecure-requests' => '1',
  'accept' => 'text/html,application/xhtml+xml,application/xml;q=0.9,image/webp,image/apng,*/*;q=0.8',
  'accept-encoding' => 'gzip, deflate',
  'accept-language' => 'zh-CN,zh;q=0.9',
)
[ info ] [ PARAM ] array (
)
[ info ] [ RUN ] app\test\controller\Test->test[ /mnt/code/tp5/application/test/controller/Test.php ]
[ info ] [ DB ] INIT mysql
[ info ] [ LOG ] INIT File
[ sql ] [ DB ] CONNECT:[ UseTime:0.000570s ] mysql:host=127.0.0.1;port=3306;dbname=tptest1;charset=utf8
[ sql ] [ SQL ] SHOW COLUMNS FROM `testone` [ RunTime:0.000757s ]
[ sql ] [ SQL ] SELECT * FROM `testone` LIMIT 1 [ RunTime:0.000306s ]
---------------------------------------------------------------
[ 2018-01-31T22:52:43+08:00 ] 14.130.168.34 GET /tp5/public/test/test/test.html
[ info ] 47.100.169.35/tp5/public/test/test/test.html [运行时间：0.003316s][吞吐率：301.57req/s] [内存消耗：396.69kb] [文件加载：49]
[ info ] [ LANG ] /mnt/code/tp5/thinkphp/lang/zh-cn.php
[ info ] [ ROUTE ] array (
  'type' => 'module',
  'module' => 
  array (
    0 => 'test',
    1 => 'test',
    2 => 'test',
  ),
)
[ info ] [ HEADER ] array (
  'host' => '47.100.169.35',
  'connection' => 'keep-alive',
  'cache-control' => 'max-age=0',
  'user-agent' => 'Mozilla/5.0 (Windows NT 10.0; WOW64) AppleWebKit/537.36 (KHTML, like Gecko) Chrome/62.0.3202.94 Safari/537.36',
  'upgrade-insecure-requests' => '1',
  'accept' => 'text/html,application/xhtml+xml,application/xml;q=0.9,image/webp,image/apng,*/*;q=0.8',
  'accept-encoding' => 'gzip, deflate',
  'accept-language' => 'zh-CN,zh;q=0.9',
)
[ info ] [ PARAM ] array (
)
[ info ] [ RUN ] app\test\controller\Test->test[ /mnt/code/tp5/application/test/controller/Test.php ]
[ info ] [ DB ] INIT mysql
[ info ] [ LOG ] INIT File
[ sql ] [ DB ] CONNECT:[ UseTime:0.000498s ] mysql:host=127.0.0.1;port=3306;dbname=tptest1;charset=utf8
[ sql ] [ SQL ] SHOW COLUMNS FROM `testone` [ RunTime:0.000653s ]
[ sql ] [ SQL ] SELECT * FROM `testone` LIMIT 1 [ RunTime:0.000260s ]
---------------------------------------------------------------
[ 2018-01-31T22:52:45+08:00 ] 14.130.168.34 GET /tp5/public/test/test/test.html
[ info ] 47.100.169.35/tp5/public/test/test/test.html [运行时间：0.002911s][吞吐率：343.54req/s] [内存消耗：396.69kb] [文件加载：49]
[ info ] [ LANG ] /mnt/code/tp5/thinkphp/lang/zh-cn.php
[ info ] [ ROUTE ] array (
  'type' => 'module',
  'module' => 
  array (
    0 => 'test',
    1 => 'test',
    2 => 'test',
  ),
)
[ info ] [ HEADER ] array (
  'host' => '47.100.169.35',
  'connection' => 'keep-alive',
  'cache-control' => 'max-age=0',
  'user-agent' => 'Mozilla/5.0 (Windows NT 10.0; WOW64) AppleWebKit/537.36 (KHTML, like Gecko) Chrome/62.0.3202.94 Safari/537.36',
  'upgrade-insecure-requests' => '1',
  'accept' => 'text/html,application/xhtml+xml,application/xml;q=0.9,image/webp,image/apng,*/*;q=0.8',
  'accept-encoding' => 'gzip, deflate',
  'accept-language' => 'zh-CN,zh;q=0.9',
)
[ info ] [ PARAM ] array (
)
[ info ] [ RUN ] app\test\controller\Test->test[ /mnt/code/tp5/application/test/controller/Test.php ]
[ info ] [ DB ] INIT mysql
[ info ] [ LOG ] INIT File
[ sql ] [ DB ] CONNECT:[ UseTime:0.000515s ] mysql:host=127.0.0.1;port=3306;dbname=tptest1;charset=utf8
[ sql ] [ SQL ] SHOW COLUMNS FROM `testone` [ RunTime:0.000684s ]
[ sql ] [ SQL ] SELECT * FROM `testone` LIMIT 1 [ RunTime:0.000264s ]
---------------------------------------------------------------
[ 2018-01-31T22:52:53+08:00 ] 14.130.168.34 GET /tp5/public/test/test/test/test.html
[ info ] 47.100.169.35/tp5/public/test/test/test/test.html [运行时间：0.003264s][吞吐率：306.38req/s] [内存消耗：396.63kb] [文件加载：49]
[ info ] [ LANG ] /mnt/code/tp5/thinkphp/lang/zh-cn.php
[ info ] [ ROUTE ] array (
  'type' => 'module',
  'module' => 
  array (
    0 => 'test',
    1 => 'test',
    2 => 'test',
  ),
)
[ info ] [ HEADER ] array (
  'host' => '47.100.169.35',
  'connection' => 'keep-alive',
  'user-agent' => 'Mozilla/5.0 (Windows NT 10.0; WOW64) AppleWebKit/537.36 (KHTML, like Gecko) Chrome/62.0.3202.94 Safari/537.36',
  'upgrade-insecure-requests' => '1',
  'accept' => 'text/html,application/xhtml+xml,application/xml;q=0.9,image/webp,image/apng,*/*;q=0.8',
  'accept-encoding' => 'gzip, deflate',
  'accept-language' => 'zh-CN,zh;q=0.9',
)
[ info ] [ PARAM ] array (
)
[ info ] [ RUN ] app\test\controller\Test->test[ /mnt/code/tp5/application/test/controller/Test.php ]
[ info ] [ DB ] INIT mysql
[ info ] [ LOG ] INIT File
[ sql ] [ DB ] CONNECT:[ UseTime:0.000475s ] mysql:host=127.0.0.1;port=3306;dbname=tptest1;charset=utf8
[ sql ] [ SQL ] SHOW COLUMNS FROM `testone` [ RunTime:0.000678s ]
[ sql ] [ SQL ] SELECT * FROM `testone` LIMIT 1 [ RunTime:0.000268s ]
---------------------------------------------------------------
[ 2018-01-31T22:53:09+08:00 ] 14.130.168.34 GET /tp5/public/test/test/test/test.html
[ info ] 47.100.169.35/tp5/public/test/test/test/test.html [运行时间：0.003153s][吞吐率：317.17req/s] [内存消耗：396.70kb] [文件加载：49]
[ info ] [ LANG ] /mnt/code/tp5/thinkphp/lang/zh-cn.php
[ info ] [ ROUTE ] array (
  'type' => 'module',
  'module' => 
  array (
    0 => 'test',
    1 => 'test',
    2 => 'test',
  ),
)
[ info ] [ HEADER ] array (
  'host' => '47.100.169.35',
  'connection' => 'keep-alive',
  'cache-control' => 'max-age=0',
  'user-agent' => 'Mozilla/5.0 (Windows NT 10.0; WOW64) AppleWebKit/537.36 (KHTML, like Gecko) Chrome/62.0.3202.94 Safari/537.36',
  'upgrade-insecure-requests' => '1',
  'accept' => 'text/html,application/xhtml+xml,application/xml;q=0.9,image/webp,image/apng,*/*;q=0.8',
  'accept-encoding' => 'gzip, deflate',
  'accept-language' => 'zh-CN,zh;q=0.9',
)
[ info ] [ PARAM ] array (
)
[ info ] [ RUN ] app\test\controller\Test->test[ /mnt/code/tp5/application/test/controller/Test.php ]
[ info ] [ DB ] INIT mysql
[ info ] [ LOG ] INIT File
[ sql ] [ DB ] CONNECT:[ UseTime:0.000505s ] mysql:host=127.0.0.1;port=3306;dbname=tptest1;charset=utf8
[ sql ] [ SQL ] SHOW COLUMNS FROM `testone` [ RunTime:0.000649s ]
[ sql ] [ SQL ] SELECT * FROM `testone` LIMIT 1 [ RunTime:0.000257s ]
---------------------------------------------------------------
[ 2018-01-31T22:53:10+08:00 ] 14.130.168.34 GET /tp5/public/test/test/test/test.html
[ info ] 47.100.169.35/tp5/public/test/test/test/test.html [运行时间：0.002762s][吞吐率：362.08req/s] [内存消耗：396.70kb] [文件加载：49]
[ info ] [ LANG ] /mnt/code/tp5/thinkphp/lang/zh-cn.php
[ info ] [ ROUTE ] array (
  'type' => 'module',
  'module' => 
  array (
    0 => 'test',
    1 => 'test',
    2 => 'test',
  ),
)
[ info ] [ HEADER ] array (
  'host' => '47.100.169.35',
  'connection' => 'keep-alive',
  'cache-control' => 'max-age=0',
  'user-agent' => 'Mozilla/5.0 (Windows NT 10.0; WOW64) AppleWebKit/537.36 (KHTML, like Gecko) Chrome/62.0.3202.94 Safari/537.36',
  'upgrade-insecure-requests' => '1',
  'accept' => 'text/html,application/xhtml+xml,application/xml;q=0.9,image/webp,image/apng,*/*;q=0.8',
  'accept-encoding' => 'gzip, deflate',
  'accept-language' => 'zh-CN,zh;q=0.9',
)
[ info ] [ PARAM ] array (
)
[ info ] [ RUN ] app\test\controller\Test->test[ /mnt/code/tp5/application/test/controller/Test.php ]
[ info ] [ DB ] INIT mysql
[ info ] [ LOG ] INIT File
[ sql ] [ DB ] CONNECT:[ UseTime:0.000458s ] mysql:host=127.0.0.1;port=3306;dbname=tptest1;charset=utf8
[ sql ] [ SQL ] SHOW COLUMNS FROM `testone` [ RunTime:0.000641s ]
[ sql ] [ SQL ] SELECT * FROM `testone` LIMIT 1 [ RunTime:0.000245s ]
---------------------------------------------------------------
[ 2018-01-31T22:53:11+08:00 ] 14.130.168.34 GET /tp5/public/test/test/test/test.html
[ info ] 47.100.169.35/tp5/public/test/test/test/test.html [运行时间：0.002816s][吞吐率：355.12req/s] [内存消耗：396.70kb] [文件加载：49]
[ info ] [ LANG ] /mnt/code/tp5/thinkphp/lang/zh-cn.php
[ info ] [ ROUTE ] array (
  'type' => 'module',
  'module' => 
  array (
    0 => 'test',
    1 => 'test',
    2 => 'test',
  ),
)
[ info ] [ HEADER ] array (
  'host' => '47.100.169.35',
  'connection' => 'keep-alive',
  'cache-control' => 'max-age=0',
  'user-agent' => 'Mozilla/5.0 (Windows NT 10.0; WOW64) AppleWebKit/537.36 (KHTML, like Gecko) Chrome/62.0.3202.94 Safari/537.36',
  'upgrade-insecure-requests' => '1',
  'accept' => 'text/html,application/xhtml+xml,application/xml;q=0.9,image/webp,image/apng,*/*;q=0.8',
  'accept-encoding' => 'gzip, deflate',
  'accept-language' => 'zh-CN,zh;q=0.9',
)
[ info ] [ PARAM ] array (
)
[ info ] [ RUN ] app\test\controller\Test->test[ /mnt/code/tp5/application/test/controller/Test.php ]
[ info ] [ DB ] INIT mysql
[ info ] [ LOG ] INIT File
[ sql ] [ DB ] CONNECT:[ UseTime:0.000476s ] mysql:host=127.0.0.1;port=3306;dbname=tptest1;charset=utf8
[ sql ] [ SQL ] SHOW COLUMNS FROM `testone` [ RunTime:0.000657s ]
[ sql ] [ SQL ] SELECT * FROM `testone` LIMIT 1 [ RunTime:0.000264s ]
---------------------------------------------------------------
[ 2018-01-31T22:53:12+08:00 ] 14.130.168.34 GET /tp5/public/test/test/test/test.html
[ info ] 47.100.169.35/tp5/public/test/test/test/test.html [运行时间：0.003400s][吞吐率：294.13req/s] [内存消耗：396.70kb] [文件加载：49]
[ info ] [ LANG ] /mnt/code/tp5/thinkphp/lang/zh-cn.php
[ info ] [ ROUTE ] array (
  'type' => 'module',
  'module' => 
  array (
    0 => 'test',
    1 => 'test',
    2 => 'test',
  ),
)
[ info ] [ HEADER ] array (
  'host' => '47.100.169.35',
  'connection' => 'keep-alive',
  'cache-control' => 'max-age=0',
  'user-agent' => 'Mozilla/5.0 (Windows NT 10.0; WOW64) AppleWebKit/537.36 (KHTML, like Gecko) Chrome/62.0.3202.94 Safari/537.36',
  'upgrade-insecure-requests' => '1',
  'accept' => 'text/html,application/xhtml+xml,application/xml;q=0.9,image/webp,image/apng,*/*;q=0.8',
  'accept-encoding' => 'gzip, deflate',
  'accept-language' => 'zh-CN,zh;q=0.9',
)
[ info ] [ PARAM ] array (
)
[ info ] [ RUN ] app\test\controller\Test->test[ /mnt/code/tp5/application/test/controller/Test.php ]
[ info ] [ DB ] INIT mysql
[ info ] [ LOG ] INIT File
[ sql ] [ DB ] CONNECT:[ UseTime:0.000544s ] mysql:host=127.0.0.1;port=3306;dbname=tptest1;charset=utf8
[ sql ] [ SQL ] SHOW COLUMNS FROM `testone` [ RunTime:0.000742s ]
[ sql ] [ SQL ] SELECT * FROM `testone` LIMIT 1 [ RunTime:0.000333s ]
---------------------------------------------------------------
[ 2018-01-31T22:53:14+08:00 ] 14.130.168.34 GET /tp5/public/test/test/test/test.html
[ info ] 47.100.169.35/tp5/public/test/test/test/test.html [运行时间：0.002846s][吞吐率：351.37req/s] [内存消耗：396.70kb] [文件加载：49]
[ info ] [ LANG ] /mnt/code/tp5/thinkphp/lang/zh-cn.php
[ info ] [ ROUTE ] array (
  'type' => 'module',
  'module' => 
  array (
    0 => 'test',
    1 => 'test',
    2 => 'test',
  ),
)
[ info ] [ HEADER ] array (
  'host' => '47.100.169.35',
  'connection' => 'keep-alive',
  'cache-control' => 'max-age=0',
  'user-agent' => 'Mozilla/5.0 (Windows NT 10.0; WOW64) AppleWebKit/537.36 (KHTML, like Gecko) Chrome/62.0.3202.94 Safari/537.36',
  'upgrade-insecure-requests' => '1',
  'accept' => 'text/html,application/xhtml+xml,application/xml;q=0.9,image/webp,image/apng,*/*;q=0.8',
  'accept-encoding' => 'gzip, deflate',
  'accept-language' => 'zh-CN,zh;q=0.9',
)
[ info ] [ PARAM ] array (
)
[ info ] [ RUN ] app\test\controller\Test->test[ /mnt/code/tp5/application/test/controller/Test.php ]
[ info ] [ DB ] INIT mysql
[ info ] [ LOG ] INIT File
[ sql ] [ DB ] CONNECT:[ UseTime:0.000503s ] mysql:host=127.0.0.1;port=3306;dbname=tptest1;charset=utf8
[ sql ] [ SQL ] SHOW COLUMNS FROM `testone` [ RunTime:0.000660s ]
[ sql ] [ SQL ] SELECT * FROM `testone` LIMIT 1 [ RunTime:0.000271s ]
---------------------------------------------------------------
[ 2018-01-31T22:53:15+08:00 ] 14.130.168.34 GET /tp5/public/test/test/test/test.html
[ info ] 47.100.169.35/tp5/public/test/test/test/test.html [运行时间：0.002957s][吞吐率：338.17req/s] [内存消耗：396.70kb] [文件加载：49]
[ info ] [ LANG ] /mnt/code/tp5/thinkphp/lang/zh-cn.php
[ info ] [ ROUTE ] array (
  'type' => 'module',
  'module' => 
  array (
    0 => 'test',
    1 => 'test',
    2 => 'test',
  ),
)
[ info ] [ HEADER ] array (
  'host' => '47.100.169.35',
  'connection' => 'keep-alive',
  'cache-control' => 'max-age=0',
  'user-agent' => 'Mozilla/5.0 (Windows NT 10.0; WOW64) AppleWebKit/537.36 (KHTML, like Gecko) Chrome/62.0.3202.94 Safari/537.36',
  'upgrade-insecure-requests' => '1',
  'accept' => 'text/html,application/xhtml+xml,application/xml;q=0.9,image/webp,image/apng,*/*;q=0.8',
  'accept-encoding' => 'gzip, deflate',
  'accept-language' => 'zh-CN,zh;q=0.9',
)
[ info ] [ PARAM ] array (
)
[ info ] [ RUN ] app\test\controller\Test->test[ /mnt/code/tp5/application/test/controller/Test.php ]
[ info ] [ DB ] INIT mysql
[ info ] [ LOG ] INIT File
[ sql ] [ DB ] CONNECT:[ UseTime:0.000492s ] mysql:host=127.0.0.1;port=3306;dbname=tptest1;charset=utf8
[ sql ] [ SQL ] SHOW COLUMNS FROM `testone` [ RunTime:0.000655s ]
[ sql ] [ SQL ] SELECT * FROM `testone` LIMIT 1 [ RunTime:0.000280s ]
---------------------------------------------------------------
[ 2018-01-31T22:53:17+08:00 ] 14.130.168.34 GET /tp5/public/test/test/test/test.html
[ info ] 47.100.169.35/tp5/public/test/test/test/test.html [运行时间：0.002842s][吞吐率：351.87req/s] [内存消耗：396.70kb] [文件加载：49]
[ info ] [ LANG ] /mnt/code/tp5/thinkphp/lang/zh-cn.php
[ info ] [ ROUTE ] array (
  'type' => 'module',
  'module' => 
  array (
    0 => 'test',
    1 => 'test',
    2 => 'test',
  ),
)
[ info ] [ HEADER ] array (
  'host' => '47.100.169.35',
  'connection' => 'keep-alive',
  'cache-control' => 'max-age=0',
  'user-agent' => 'Mozilla/5.0 (Windows NT 10.0; WOW64) AppleWebKit/537.36 (KHTML, like Gecko) Chrome/62.0.3202.94 Safari/537.36',
  'upgrade-insecure-requests' => '1',
  'accept' => 'text/html,application/xhtml+xml,application/xml;q=0.9,image/webp,image/apng,*/*;q=0.8',
  'accept-encoding' => 'gzip, deflate',
  'accept-language' => 'zh-CN,zh;q=0.9',
)
[ info ] [ PARAM ] array (
)
[ info ] [ RUN ] app\test\controller\Test->test[ /mnt/code/tp5/application/test/controller/Test.php ]
[ info ] [ DB ] INIT mysql
[ info ] [ LOG ] INIT File
[ sql ] [ DB ] CONNECT:[ UseTime:0.000492s ] mysql:host=127.0.0.1;port=3306;dbname=tptest1;charset=utf8
[ sql ] [ SQL ] SHOW COLUMNS FROM `testone` [ RunTime:0.000688s ]
[ sql ] [ SQL ] SELECT * FROM `testone` LIMIT 1 [ RunTime:0.000264s ]
---------------------------------------------------------------
[ 2018-01-31T22:53:27+08:00 ] 14.130.168.34 GET /tp5/public/test/test/test.html
[ info ] 47.100.169.35/tp5/public/test/test/test.html [运行时间：0.003445s][吞吐率：290.28req/s] [内存消耗：396.61kb] [文件加载：49]
[ info ] [ LANG ] /mnt/code/tp5/thinkphp/lang/zh-cn.php
[ info ] [ ROUTE ] array (
  'type' => 'module',
  'module' => 
  array (
    0 => 'test',
    1 => 'test',
    2 => 'test',
  ),
)
[ info ] [ HEADER ] array (
  'host' => '47.100.169.35',
  'connection' => 'keep-alive',
  'user-agent' => 'Mozilla/5.0 (Windows NT 10.0; WOW64) AppleWebKit/537.36 (KHTML, like Gecko) Chrome/62.0.3202.94 Safari/537.36',
  'upgrade-insecure-requests' => '1',
  'accept' => 'text/html,application/xhtml+xml,application/xml;q=0.9,image/webp,image/apng,*/*;q=0.8',
  'accept-encoding' => 'gzip, deflate',
  'accept-language' => 'zh-CN,zh;q=0.9',
)
[ info ] [ PARAM ] array (
)
[ info ] [ RUN ] app\test\controller\Test->test[ /mnt/code/tp5/application/test/controller/Test.php ]
[ info ] [ DB ] INIT mysql
[ info ] [ LOG ] INIT File
[ sql ] [ DB ] CONNECT:[ UseTime:0.000498s ] mysql:host=127.0.0.1;port=3306;dbname=tptest1;charset=utf8
[ sql ] [ SQL ] SHOW COLUMNS FROM `testone` [ RunTime:0.000716s ]
[ sql ] [ SQL ] SELECT * FROM `testone` LIMIT 1 [ RunTime:0.000329s ]
---------------------------------------------------------------
[ 2018-01-31T22:54:04+08:00 ] 14.130.168.34 GET /tp5/public/test/test/test.html
[ info ] 47.100.169.35/tp5/public/test/test/test.html [运行时间：0.003737s][吞吐率：267.60req/s] [内存消耗：396.69kb] [文件加载：49]
[ info ] [ LANG ] /mnt/code/tp5/thinkphp/lang/zh-cn.php
[ info ] [ ROUTE ] array (
  'type' => 'module',
  'module' => 
  array (
    0 => 'test',
    1 => 'test',
    2 => 'test',
  ),
)
[ info ] [ HEADER ] array (
  'host' => '47.100.169.35',
  'connection' => 'keep-alive',
  'cache-control' => 'max-age=0',
  'user-agent' => 'Mozilla/5.0 (Windows NT 10.0; WOW64) AppleWebKit/537.36 (KHTML, like Gecko) Chrome/62.0.3202.94 Safari/537.36',
  'upgrade-insecure-requests' => '1',
  'accept' => 'text/html,application/xhtml+xml,application/xml;q=0.9,image/webp,image/apng,*/*;q=0.8',
  'accept-encoding' => 'gzip, deflate',
  'accept-language' => 'zh-CN,zh;q=0.9',
)
[ info ] [ PARAM ] array (
)
[ info ] [ RUN ] app\test\controller\Test->test[ /mnt/code/tp5/application/test/controller/Test.php ]
[ info ] [ DB ] INIT mysql
[ info ] [ LOG ] INIT File
[ sql ] [ DB ] CONNECT:[ UseTime:0.000517s ] mysql:host=127.0.0.1;port=3306;dbname=tptest1;charset=utf8
[ sql ] [ SQL ] SHOW COLUMNS FROM `testone` [ RunTime:0.000668s ]
[ sql ] [ SQL ] SELECT * FROM `testone` LIMIT 1 [ RunTime:0.000276s ]
---------------------------------------------------------------
[ 2018-01-31T22:54:06+08:00 ] 14.130.168.34 GET /tp5/public/test/test/test.html
[ info ] 47.100.169.35/tp5/public/test/test/test.html [运行时间：0.002792s][吞吐率：358.18req/s] [内存消耗：396.69kb] [文件加载：49]
[ info ] [ LANG ] /mnt/code/tp5/thinkphp/lang/zh-cn.php
[ info ] [ ROUTE ] array (
  'type' => 'module',
  'module' => 
  array (
    0 => 'test',
    1 => 'test',
    2 => 'test',
  ),
)
[ info ] [ HEADER ] array (
  'host' => '47.100.169.35',
  'connection' => 'keep-alive',
  'cache-control' => 'max-age=0',
  'user-agent' => 'Mozilla/5.0 (Windows NT 10.0; WOW64) AppleWebKit/537.36 (KHTML, like Gecko) Chrome/62.0.3202.94 Safari/537.36',
  'upgrade-insecure-requests' => '1',
  'accept' => 'text/html,application/xhtml+xml,application/xml;q=0.9,image/webp,image/apng,*/*;q=0.8',
  'accept-encoding' => 'gzip, deflate',
  'accept-language' => 'zh-CN,zh;q=0.9',
)
[ info ] [ PARAM ] array (
)
[ info ] [ RUN ] app\test\controller\Test->test[ /mnt/code/tp5/application/test/controller/Test.php ]
[ info ] [ DB ] INIT mysql
[ info ] [ LOG ] INIT File
[ sql ] [ DB ] CONNECT:[ UseTime:0.000499s ] mysql:host=127.0.0.1;port=3306;dbname=tptest1;charset=utf8
[ sql ] [ SQL ] SHOW COLUMNS FROM `testone` [ RunTime:0.000656s ]
[ sql ] [ SQL ] SELECT * FROM `testone` LIMIT 1 [ RunTime:0.000259s ]
---------------------------------------------------------------
[ 2018-01-31T22:55:06+08:00 ] 14.130.168.34 GET /tp5/public/test/test/test.html
[ info ] 47.100.169.35/tp5/public/test/test/test.html [运行时间：0.003319s][吞吐率：301.29req/s] [内存消耗：396.69kb] [文件加载：49]
[ info ] [ LANG ] /mnt/code/tp5/thinkphp/lang/zh-cn.php
[ info ] [ ROUTE ] array (
  'type' => 'module',
  'module' => 
  array (
    0 => 'test',
    1 => 'test',
    2 => 'test',
  ),
)
[ info ] [ HEADER ] array (
  'host' => '47.100.169.35',
  'connection' => 'keep-alive',
  'cache-control' => 'max-age=0',
  'upgrade-insecure-requests' => '1',
  'user-agent' => 'Mozilla/5.0 (Windows NT 10.0; WOW64) AppleWebKit/537.36 (KHTML, like Gecko) Chrome/62.0.3202.94 Safari/537.36',
  'accept' => 'text/html,application/xhtml+xml,application/xml;q=0.9,image/webp,image/apng,*/*;q=0.8',
  'accept-encoding' => 'gzip, deflate',
  'accept-language' => 'zh-CN,zh;q=0.9',
)
[ info ] [ PARAM ] array (
)
[ info ] [ RUN ] app\test\controller\Test->test[ /mnt/code/tp5/application/test/controller/Test.php ]
[ info ] [ DB ] INIT mysql
[ info ] [ LOG ] INIT File
[ sql ] [ DB ] CONNECT:[ UseTime:0.000511s ] mysql:host=127.0.0.1;port=3306;dbname=tptest1;charset=utf8
[ sql ] [ SQL ] SHOW COLUMNS FROM `testone` [ RunTime:0.000649s ]
[ sql ] [ SQL ] SELECT * FROM `testone` LIMIT 1 [ RunTime:0.000283s ]
---------------------------------------------------------------
[ 2018-01-31T22:55:08+08:00 ] 14.130.168.34 GET /tp5/public/test/test/test.html
[ info ] 47.100.169.35/tp5/public/test/test/test.html [运行时间：0.003043s][吞吐率：328.60req/s] [内存消耗：396.69kb] [文件加载：49]
[ info ] [ LANG ] /mnt/code/tp5/thinkphp/lang/zh-cn.php
[ info ] [ ROUTE ] array (
  'type' => 'module',
  'module' => 
  array (
    0 => 'test',
    1 => 'test',
    2 => 'test',
  ),
)
[ info ] [ HEADER ] array (
  'host' => '47.100.169.35',
  'connection' => 'keep-alive',
  'cache-control' => 'max-age=0',
  'user-agent' => 'Mozilla/5.0 (Windows NT 10.0; WOW64) AppleWebKit/537.36 (KHTML, like Gecko) Chrome/62.0.3202.94 Safari/537.36',
  'upgrade-insecure-requests' => '1',
  'accept' => 'text/html,application/xhtml+xml,application/xml;q=0.9,image/webp,image/apng,*/*;q=0.8',
  'accept-encoding' => 'gzip, deflate',
  'accept-language' => 'zh-CN,zh;q=0.9',
)
[ info ] [ PARAM ] array (
)
[ info ] [ RUN ] app\test\controller\Test->test[ /mnt/code/tp5/application/test/controller/Test.php ]
[ info ] [ DB ] INIT mysql
[ info ] [ LOG ] INIT File
[ sql ] [ DB ] CONNECT:[ UseTime:0.000524s ] mysql:host=127.0.0.1;port=3306;dbname=tptest1;charset=utf8
[ sql ] [ SQL ] SHOW COLUMNS FROM `testone` [ RunTime:0.000705s ]
[ sql ] [ SQL ] SELECT * FROM `testone` LIMIT 1 [ RunTime:0.000320s ]
---------------------------------------------------------------
[ 2018-01-31T22:55:10+08:00 ] 14.130.168.34 GET /tp5/public/test/test/test.html
[ info ] 47.100.169.35/tp5/public/test/test/test.html [运行时间：0.004818s][吞吐率：207.56req/s] [内存消耗：396.69kb] [文件加载：49]
[ info ] [ LANG ] /mnt/code/tp5/thinkphp/lang/zh-cn.php
[ info ] [ ROUTE ] array (
  'type' => 'module',
  'module' => 
  array (
    0 => 'test',
    1 => 'test',
    2 => 'test',
  ),
)
[ info ] [ HEADER ] array (
  'host' => '47.100.169.35',
  'connection' => 'keep-alive',
  'cache-control' => 'max-age=0',
  'user-agent' => 'Mozilla/5.0 (Windows NT 10.0; WOW64) AppleWebKit/537.36 (KHTML, like Gecko) Chrome/62.0.3202.94 Safari/537.36',
  'upgrade-insecure-requests' => '1',
  'accept' => 'text/html,application/xhtml+xml,application/xml;q=0.9,image/webp,image/apng,*/*;q=0.8',
  'accept-encoding' => 'gzip, deflate',
  'accept-language' => 'zh-CN,zh;q=0.9',
)
[ info ] [ PARAM ] array (
)
[ info ] [ RUN ] app\test\controller\Test->test[ /mnt/code/tp5/application/test/controller/Test.php ]
[ info ] [ DB ] INIT mysql
[ info ] [ LOG ] INIT File
[ sql ] [ DB ] CONNECT:[ UseTime:0.000749s ] mysql:host=127.0.0.1;port=3306;dbname=tptest1;charset=utf8
[ sql ] [ SQL ] SHOW COLUMNS FROM `testone` [ RunTime:0.001072s ]
[ sql ] [ SQL ] SELECT * FROM `testone` LIMIT 1 [ RunTime:0.000481s ]
---------------------------------------------------------------
[ 2018-01-31T22:56:32+08:00 ] 14.130.168.34 GET /tp5/public/test/test/test.html
[ info ] 47.100.169.35/tp5/public/test/test/test.html [运行时间：0.003580s][吞吐率：279.34req/s] [内存消耗：396.69kb] [文件加载：49]
[ info ] [ LANG ] /mnt/code/tp5/thinkphp/lang/zh-cn.php
[ info ] [ ROUTE ] array (
  'type' => 'module',
  'module' => 
  array (
    0 => 'test',
    1 => 'test',
    2 => 'test',
  ),
)
[ info ] [ HEADER ] array (
  'host' => '47.100.169.35',
  'connection' => 'keep-alive',
  'cache-control' => 'max-age=0',
  'user-agent' => 'Mozilla/5.0 (Windows NT 10.0; WOW64) AppleWebKit/537.36 (KHTML, like Gecko) Chrome/62.0.3202.94 Safari/537.36',
  'upgrade-insecure-requests' => '1',
  'accept' => 'text/html,application/xhtml+xml,application/xml;q=0.9,image/webp,image/apng,*/*;q=0.8',
  'accept-encoding' => 'gzip, deflate',
  'accept-language' => 'zh-CN,zh;q=0.9',
)
[ info ] [ PARAM ] array (
)
[ info ] [ RUN ] app\test\controller\Test->test[ /mnt/code/tp5/application/test/controller/Test.php ]
[ info ] [ DB ] INIT mysql
[ info ] [ LOG ] INIT File
[ sql ] [ DB ] CONNECT:[ UseTime:0.000631s ] mysql:host=127.0.0.1;port=3306;dbname=tptest1;charset=utf8
[ sql ] [ SQL ] SHOW COLUMNS FROM `testone` [ RunTime:0.000796s ]
[ sql ] [ SQL ] SELECT * FROM `testone` LIMIT 1 [ RunTime:0.000259s ]
---------------------------------------------------------------
[ 2018-01-31T22:56:39+08:00 ] 14.130.168.34 GET /tp5/public/test/test/test
[ info ] 47.100.169.35/tp5/public/test/test/test [运行时间：0.004434s][吞吐率：225.52req/s] [内存消耗：396.53kb] [文件加载：49]
[ info ] [ LANG ] /mnt/code/tp5/thinkphp/lang/zh-cn.php
[ info ] [ ROUTE ] array (
  'type' => 'module',
  'module' => 
  array (
    0 => 'test',
    1 => 'test',
    2 => 'test',
  ),
)
[ info ] [ HEADER ] array (
  'host' => '47.100.169.35',
  'connection' => 'keep-alive',
  'user-agent' => 'Mozilla/5.0 (Windows NT 10.0; WOW64) AppleWebKit/537.36 (KHTML, like Gecko) Chrome/62.0.3202.94 Safari/537.36',
  'upgrade-insecure-requests' => '1',
  'accept' => 'text/html,application/xhtml+xml,application/xml;q=0.9,image/webp,image/apng,*/*;q=0.8',
  'accept-encoding' => 'gzip, deflate',
  'accept-language' => 'zh-CN,zh;q=0.9',
)
[ info ] [ PARAM ] array (
)
[ info ] [ RUN ] app\test\controller\Test->test[ /mnt/code/tp5/application/test/controller/Test.php ]
[ info ] [ DB ] INIT mysql
[ info ] [ LOG ] INIT File
[ sql ] [ DB ] CONNECT:[ UseTime:0.000613s ] mysql:host=127.0.0.1;port=3306;dbname=tptest1;charset=utf8
[ sql ] [ SQL ] SHOW COLUMNS FROM `testone` [ RunTime:0.000783s ]
[ sql ] [ SQL ] SELECT * FROM `testone` LIMIT 1 [ RunTime:0.000371s ]
---------------------------------------------------------------
[ 2018-01-31T22:56:41+08:00 ] 14.130.168.34 GET /tp5/public/test/test/test
[ info ] 47.100.169.35/tp5/public/test/test/test [运行时间：0.002808s][吞吐率：356.14req/s] [内存消耗：396.61kb] [文件加载：49]
[ info ] [ LANG ] /mnt/code/tp5/thinkphp/lang/zh-cn.php
[ info ] [ ROUTE ] array (
  'type' => 'module',
  'module' => 
  array (
    0 => 'test',
    1 => 'test',
    2 => 'test',
  ),
)
[ info ] [ HEADER ] array (
  'host' => '47.100.169.35',
  'connection' => 'keep-alive',
  'cache-control' => 'max-age=0',
  'user-agent' => 'Mozilla/5.0 (Windows NT 10.0; WOW64) AppleWebKit/537.36 (KHTML, like Gecko) Chrome/62.0.3202.94 Safari/537.36',
  'upgrade-insecure-requests' => '1',
  'accept' => 'text/html,application/xhtml+xml,application/xml;q=0.9,image/webp,image/apng,*/*;q=0.8',
  'accept-encoding' => 'gzip, deflate',
  'accept-language' => 'zh-CN,zh;q=0.9',
)
[ info ] [ PARAM ] array (
)
[ info ] [ RUN ] app\test\controller\Test->test[ /mnt/code/tp5/application/test/controller/Test.php ]
[ info ] [ DB ] INIT mysql
[ info ] [ LOG ] INIT File
[ sql ] [ DB ] CONNECT:[ UseTime:0.000495s ] mysql:host=127.0.0.1;port=3306;dbname=tptest1;charset=utf8
[ sql ] [ SQL ] SHOW COLUMNS FROM `testone` [ RunTime:0.000657s ]
[ sql ] [ SQL ] SELECT * FROM `testone` LIMIT 1 [ RunTime:0.000255s ]
---------------------------------------------------------------
[ 2018-01-31T22:56:57+08:00 ] 14.130.168.34 GET /tp5/public/test/test/test
[ info ] 47.100.169.35/tp5/public/test/test/test [运行时间：0.027502s][吞吐率：36.36req/s] [内存消耗：386.73kb] [文件加载：52]
[ info ] [ LANG ] /mnt/code/tp5/thinkphp/lang/zh-cn.php
[ info ] [ ROUTE ] array (
  'type' => 'module',
  'module' => 
  array (
    0 => 'test',
    1 => 'test',
    2 => 'test',
  ),
)
[ info ] [ HEADER ] array (
  'host' => '47.100.169.35',
  'connection' => 'keep-alive',
  'cache-control' => 'max-age=0',
  'user-agent' => 'Mozilla/5.0 (Windows NT 10.0; WOW64) AppleWebKit/537.36 (KHTML, like Gecko) Chrome/62.0.3202.94 Safari/537.36',
  'upgrade-insecure-requests' => '1',
  'accept' => 'text/html,application/xhtml+xml,application/xml;q=0.9,image/webp,image/apng,*/*;q=0.8',
  'accept-encoding' => 'gzip, deflate',
  'accept-language' => 'zh-CN,zh;q=0.9',
)
[ info ] [ PARAM ] array (
)
[ info ] [ RUN ] app\test\controller\Test->test[ /mnt/code/tp5/application/test/controller/Test.php ]
[ info ] [ DB ] INIT mysql
[ info ] [ LOG ] INIT File
[ sql ] [ DB ] CONNECT:[ UseTime:0.000547s ] mysql:host=127.0.0.1;port=3306;dbname=tptest1;charset=utf8
[ sql ] [ SQL ] SHOW COLUMNS FROM `testone` [ RunTime:0.000730s ]
[ sql ] [ SQL ] SELECT * FROM `testone` LIMIT 1 [ RunTime:0.000272s ]
[ error ] [0]模板文件不存在:/mnt/code/tp5/public/../application/test/view/test/test.html[/mnt/code/tp5/thinkphp/library/think/view/driver/Think.php:80]
---------------------------------------------------------------
[ 2018-01-31T22:58:04+08:00 ] 14.130.168.34 GET /tp5/public/test/test/test
[ info ] 47.100.169.35/tp5/public/test/test/test [运行时间：0.004318s][吞吐率：231.59req/s] [内存消耗：385.38kb] [文件加载：52]
[ info ] [ LANG ] /mnt/code/tp5/thinkphp/lang/zh-cn.php
[ info ] [ ROUTE ] array (
  'type' => 'module',
  'module' => 
  array (
    0 => 'test',
    1 => 'test',
    2 => 'test',
  ),
)
[ info ] [ HEADER ] array (
  'host' => '47.100.169.35',
  'connection' => 'keep-alive',
  'cache-control' => 'max-age=0',
  'user-agent' => 'Mozilla/5.0 (Windows NT 10.0; WOW64) AppleWebKit/537.36 (KHTML, like Gecko) Chrome/62.0.3202.94 Safari/537.36',
  'upgrade-insecure-requests' => '1',
  'accept' => 'text/html,application/xhtml+xml,application/xml;q=0.9,image/webp,image/apng,*/*;q=0.8',
  'accept-encoding' => 'gzip, deflate',
  'accept-language' => 'zh-CN,zh;q=0.9',
)
[ info ] [ PARAM ] array (
)
[ info ] [ RUN ] app\test\controller\Test->test[ /mnt/code/tp5/application/test/controller/Test.php ]
[ info ] [ DB ] INIT mysql
[ info ] [ LOG ] INIT File
[ sql ] [ DB ] CONNECT:[ UseTime:0.000489s ] mysql:host=127.0.0.1;port=3306;dbname=tptest1;charset=utf8
[ sql ] [ SQL ] SHOW COLUMNS FROM `testone` [ RunTime:0.000728s ]
[ sql ] [ SQL ] SELECT * FROM `testone` LIMIT 1 [ RunTime:0.000268s ]
[ error ] [0]模板文件不存在:/mnt/code/tp5/public/../application/test/view/test/test.html[/mnt/code/tp5/thinkphp/library/think/view/driver/Think.php:80]
---------------------------------------------------------------
[ 2018-01-31T22:58:55+08:00 ] 14.130.168.34 GET /tp5/public/test/test/test
[ info ] 47.100.169.35/tp5/public/test/test/test [运行时间：0.017956s][吞吐率：55.69req/s] [内存消耗：405.46kb] [文件加载：52]
[ info ] [ LANG ] /mnt/code/tp5/thinkphp/lang/zh-cn.php
[ info ] [ ROUTE ] array (
  'type' => 'module',
  'module' => 
  array (
    0 => 'test',
    1 => 'test',
    2 => 'test',
  ),
)
[ info ] [ HEADER ] array (
  'host' => '47.100.169.35',
  'connection' => 'keep-alive',
  'cache-control' => 'max-age=0',
  'user-agent' => 'Mozilla/5.0 (Windows NT 10.0; WOW64) AppleWebKit/537.36 (KHTML, like Gecko) Chrome/62.0.3202.94 Safari/537.36',
  'upgrade-insecure-requests' => '1',
  'accept' => 'text/html,application/xhtml+xml,application/xml;q=0.9,image/webp,image/apng,*/*;q=0.8',
  'accept-encoding' => 'gzip, deflate',
  'accept-language' => 'zh-CN,zh;q=0.9',
)
[ info ] [ PARAM ] array (
)
[ info ] [ RUN ] app\test\controller\Test->test[ /mnt/code/tp5/application/test/controller/Test.php ]
[ info ] [ DB ] INIT mysql
[ info ] [ VIEW ] /mnt/code/tp5/public/../application/test/view/test/test.html [ array (
  0 => 'data',
) ]
[ info ] [ LOG ] INIT File
[ sql ] [ DB ] CONNECT:[ UseTime:0.000494s ] mysql:host=127.0.0.1;port=3306;dbname=tptest1;charset=utf8
[ sql ] [ SQL ] SHOW COLUMNS FROM `testone` [ RunTime:0.000743s ]
[ sql ] [ SQL ] SELECT * FROM `testone` LIMIT 1 [ RunTime:0.000271s ]
---------------------------------------------------------------
[ 2018-01-31T22:59:30+08:00 ] 14.130.168.34 GET /tp5/public/test/test/test
[ info ] 47.100.169.35/tp5/public/test/test/test [运行时间：0.013051s][吞吐率：76.62req/s] [内存消耗：393.62kb] [文件加载：56]
[ info ] [ LANG ] /mnt/code/tp5/thinkphp/lang/zh-cn.php
[ info ] [ ROUTE ] array (
  'type' => 'module',
  'module' => 
  array (
    0 => 'test',
    1 => 'test',
    2 => 'test',
  ),
)
[ info ] [ HEADER ] array (
  'host' => '47.100.169.35',
  'connection' => 'keep-alive',
  'cache-control' => 'max-age=0',
  'user-agent' => 'Mozilla/5.0 (Windows NT 10.0; WOW64) AppleWebKit/537.36 (KHTML, like Gecko) Chrome/62.0.3202.94 Safari/537.36',
  'upgrade-insecure-requests' => '1',
  'accept' => 'text/html,application/xhtml+xml,application/xml;q=0.9,image/webp,image/apng,*/*;q=0.8',
  'accept-encoding' => 'gzip, deflate',
  'accept-language' => 'zh-CN,zh;q=0.9',
)
[ info ] [ PARAM ] array (
)
[ info ] [ RUN ] app\test\controller\Test->test[ /mnt/code/tp5/application/test/controller/Test.php ]
[ info ] [ DB ] INIT mysql
[ info ] [ VIEW ] /mnt/code/tp5/public/../application/test/view/test/test.html [ array (
  0 => 'data',
) ]
[ info ] [ LOG ] INIT File
[ sql ] [ DB ] CONNECT:[ UseTime:0.000504s ] mysql:host=127.0.0.1;port=3306;dbname=tptest1;charset=utf8
[ sql ] [ SQL ] SHOW COLUMNS FROM `testone` [ RunTime:0.000690s ]
[ sql ] [ SQL ] SELECT * FROM `testone` LIMIT 1 [ RunTime:0.000284s ]
[ error ] [8]Array to string conversion[/mnt/code/tp5/runtime/temp/424241feedc429b8631c05b94fdef9a6.php:10]
---------------------------------------------------------------
[ 2018-01-31T23:00:02+08:00 ] 14.130.168.34 GET /tp5/public/test/test/test
[ info ] 47.100.169.35/tp5/public/test/test/test [运行时间：0.004589s][吞吐率：217.92req/s] [内存消耗：405.09kb] [文件加载：52]
[ info ] [ LANG ] /mnt/code/tp5/thinkphp/lang/zh-cn.php
[ info ] [ ROUTE ] array (
  'type' => 'module',
  'module' => 
  array (
    0 => 'test',
    1 => 'test',
    2 => 'test',
  ),
)
[ info ] [ HEADER ] array (
  'host' => '47.100.169.35',
  'connection' => 'keep-alive',
  'cache-control' => 'max-age=0',
  'user-agent' => 'Mozilla/5.0 (Windows NT 10.0; WOW64) AppleWebKit/537.36 (KHTML, like Gecko) Chrome/62.0.3202.94 Safari/537.36',
  'upgrade-insecure-requests' => '1',
  'accept' => 'text/html,application/xhtml+xml,application/xml;q=0.9,image/webp,image/apng,*/*;q=0.8',
  'accept-encoding' => 'gzip, deflate',
  'accept-language' => 'zh-CN,zh;q=0.9',
)
[ info ] [ PARAM ] array (
)
[ info ] [ RUN ] app\test\controller\Test->test[ /mnt/code/tp5/application/test/controller/Test.php ]
[ info ] [ DB ] INIT mysql
[ info ] [ VIEW ] /mnt/code/tp5/public/../application/test/view/test/test.html [ array (
  0 => 'data',
) ]
[ info ] [ LOG ] INIT File
[ sql ] [ DB ] CONNECT:[ UseTime:0.000533s ] mysql:host=127.0.0.1;port=3306;dbname=tptest1;charset=utf8
[ sql ] [ SQL ] SHOW COLUMNS FROM `testone` [ RunTime:0.000713s ]
[ sql ] [ SQL ] SELECT * FROM `testone` LIMIT 1 [ RunTime:0.000268s ]
---------------------------------------------------------------
[ 2018-01-31T23:02:53+08:00 ] 14.130.168.34 GET /tp5/public/test/test/test
[ info ] 47.100.169.35/tp5/public/test/test/test [运行时间：0.004229s][吞吐率：236.46req/s] [内存消耗：387.80kb] [文件加载：53]
[ info ] [ LANG ] /mnt/code/tp5/thinkphp/lang/zh-cn.php
[ info ] [ ROUTE ] array (
  'type' => 'module',
  'module' => 
  array (
    0 => 'test',
    1 => 'test',
    2 => 'test',
  ),
)
[ info ] [ HEADER ] array (
  'host' => '47.100.169.35',
  'connection' => 'keep-alive',
  'cache-control' => 'max-age=0',
  'user-agent' => 'Mozilla/5.0 (Windows NT 10.0; WOW64) AppleWebKit/537.36 (KHTML, like Gecko) Chrome/62.0.3202.94 Safari/537.36',
  'upgrade-insecure-requests' => '1',
  'accept' => 'text/html,application/xhtml+xml,application/xml;q=0.9,image/webp,image/apng,*/*;q=0.8',
  'accept-encoding' => 'gzip, deflate',
  'accept-language' => 'zh-CN,zh;q=0.9',
)
[ info ] [ PARAM ] array (
)
[ info ] [ RUN ] app\test\controller\Test->test[ /mnt/code/tp5/application/test/controller/Test.php ]
[ info ] [ DB ] INIT mysql
[ info ] [ VIEW ] /mnt/code/tp5/public/../application/test/view/test/test.html [ array (
  0 => 'data',
) ]
[ info ] [ LOG ] INIT File
[ sql ] [ DB ] CONNECT:[ UseTime:0.000457s ] mysql:host=127.0.0.1;port=3306;dbname=tptest1;charset=utf8
[ sql ] [ SQL ] SHOW COLUMNS FROM `testone` [ RunTime:0.000651s ]
[ sql ] [ SQL ] SELECT * FROM `testone` LIMIT 1 [ RunTime:0.000258s ]
[ error ] [2]file_get_contents(/mnt/code/tp5/public/../application/test/view/test/test.html): failed to open stream: Permission denied[/mnt/code/tp5/thinkphp/library/think/Template.php:191]
---------------------------------------------------------------
[ 2018-01-31T23:05:15+08:00 ] 14.130.168.34 GET /tp5/public/test/test/test
[ info ] 47.100.169.35/tp5/public/test/test/test [运行时间：0.004101s][吞吐率：243.84req/s] [内存消耗：385.38kb] [文件加载：52]
[ info ] [ LANG ] /mnt/code/tp5/thinkphp/lang/zh-cn.php
[ info ] [ ROUTE ] array (
  'type' => 'module',
  'module' => 
  array (
    0 => 'test',
    1 => 'test',
    2 => 'test',
  ),
)
[ info ] [ HEADER ] array (
  'host' => '47.100.169.35',
  'connection' => 'keep-alive',
  'cache-control' => 'max-age=0',
  'user-agent' => 'Mozilla/5.0 (Windows NT 10.0; WOW64) AppleWebKit/537.36 (KHTML, like Gecko) Chrome/62.0.3202.94 Safari/537.36',
  'upgrade-insecure-requests' => '1',
  'accept' => 'text/html,application/xhtml+xml,application/xml;q=0.9,image/webp,image/apng,*/*;q=0.8',
  'accept-encoding' => 'gzip, deflate',
  'accept-language' => 'zh-CN,zh;q=0.9',
)
[ info ] [ PARAM ] array (
)
[ info ] [ RUN ] app\test\controller\Test->test[ /mnt/code/tp5/application/test/controller/Test.php ]
[ info ] [ DB ] INIT mysql
[ info ] [ LOG ] INIT File
[ sql ] [ DB ] CONNECT:[ UseTime:0.000487s ] mysql:host=127.0.0.1;port=3306;dbname=tptest1;charset=utf8
[ sql ] [ SQL ] SHOW COLUMNS FROM `testone` [ RunTime:0.000711s ]
[ sql ] [ SQL ] SELECT * FROM `testone` LIMIT 1 [ RunTime:0.000269s ]
[ error ] [0]模板文件不存在:/mnt/code/tp5/public/../application/test/view/test/test.html[/mnt/code/tp5/thinkphp/library/think/view/driver/Think.php:80]
---------------------------------------------------------------
[ 2018-01-31T23:05:18+08:00 ] 14.130.168.34 GET /tp5/public/test/test/test
[ info ] 47.100.169.35/tp5/public/test/test/test [运行时间：0.004015s][吞吐率：249.07req/s] [内存消耗：385.38kb] [文件加载：52]
[ info ] [ LANG ] /mnt/code/tp5/thinkphp/lang/zh-cn.php
[ info ] [ ROUTE ] array (
  'type' => 'module',
  'module' => 
  array (
    0 => 'test',
    1 => 'test',
    2 => 'test',
  ),
)
[ info ] [ HEADER ] array (
  'host' => '47.100.169.35',
  'connection' => 'keep-alive',
  'cache-control' => 'max-age=0',
  'user-agent' => 'Mozilla/5.0 (Windows NT 10.0; WOW64) AppleWebKit/537.36 (KHTML, like Gecko) Chrome/62.0.3202.94 Safari/537.36',
  'upgrade-insecure-requests' => '1',
  'accept' => 'text/html,application/xhtml+xml,application/xml;q=0.9,image/webp,image/apng,*/*;q=0.8',
  'accept-encoding' => 'gzip, deflate',
  'accept-language' => 'zh-CN,zh;q=0.9',
)
[ info ] [ PARAM ] array (
)
[ info ] [ RUN ] app\test\controller\Test->test[ /mnt/code/tp5/application/test/controller/Test.php ]
[ info ] [ DB ] INIT mysql
[ info ] [ LOG ] INIT File
[ sql ] [ DB ] CONNECT:[ UseTime:0.000492s ] mysql:host=127.0.0.1;port=3306;dbname=tptest1;charset=utf8
[ sql ] [ SQL ] SHOW COLUMNS FROM `testone` [ RunTime:0.000679s ]
[ sql ] [ SQL ] SELECT * FROM `testone` LIMIT 1 [ RunTime:0.000267s ]
[ error ] [0]模板文件不存在:/mnt/code/tp5/public/../application/test/view/test/test.html[/mnt/code/tp5/thinkphp/library/think/view/driver/Think.php:80]
---------------------------------------------------------------
[ 2018-01-31T23:06:00+08:00 ] 14.130.168.34 GET /tp5/public/test/test/test
[ info ] 47.100.169.35/tp5/public/test/test/test [运行时间：0.010600s][吞吐率：94.34req/s] [内存消耗：385.38kb] [文件加载：52]
[ info ] [ LANG ] /mnt/code/tp5/thinkphp/lang/zh-cn.php
[ info ] [ ROUTE ] array (
  'type' => 'module',
  'module' => 
  array (
    0 => 'test',
    1 => 'test',
    2 => 'test',
  ),
)
[ info ] [ HEADER ] array (
  'host' => '47.100.169.35',
  'connection' => 'keep-alive',
  'cache-control' => 'max-age=0',
  'user-agent' => 'Mozilla/5.0 (Windows NT 10.0; WOW64) AppleWebKit/537.36 (KHTML, like Gecko) Chrome/62.0.3202.94 Safari/537.36',
  'upgrade-insecure-requests' => '1',
  'accept' => 'text/html,application/xhtml+xml,application/xml;q=0.9,image/webp,image/apng,*/*;q=0.8',
  'accept-encoding' => 'gzip, deflate',
  'accept-language' => 'zh-CN,zh;q=0.9',
)
[ info ] [ PARAM ] array (
)
[ info ] [ RUN ] app\test\controller\Test->test[ /mnt/code/tp5/application/test/controller/Test.php ]
[ info ] [ DB ] INIT mysql
[ info ] [ LOG ] INIT File
[ sql ] [ DB ] CONNECT:[ UseTime:0.000516s ] mysql:host=127.0.0.1;port=3306;dbname=tptest1;charset=utf8
[ sql ] [ SQL ] SHOW COLUMNS FROM `testone` [ RunTime:0.000726s ]
[ sql ] [ SQL ] SELECT * FROM `testone` LIMIT 1 [ RunTime:0.006535s ]
[ error ] [0]模板文件不存在:/mnt/code/tp5/public/../application/test/view/test/test.html[/mnt/code/tp5/thinkphp/library/think/view/driver/Think.php:80]
---------------------------------------------------------------
[ 2018-01-31T23:06:48+08:00 ] 14.130.168.34 GET /tp5/public/test/test/test
[ info ] 47.100.169.35/tp5/public/test/test/test [运行时间：0.004720s][吞吐率：211.87req/s] [内存消耗：405.09kb] [文件加载：52]
[ info ] [ LANG ] /mnt/code/tp5/thinkphp/lang/zh-cn.php
[ info ] [ ROUTE ] array (
  'type' => 'module',
  'module' => 
  array (
    0 => 'test',
    1 => 'test',
    2 => 'test',
  ),
)
[ info ] [ HEADER ] array (
  'host' => '47.100.169.35',
  'connection' => 'keep-alive',
  'cache-control' => 'max-age=0',
  'user-agent' => 'Mozilla/5.0 (Windows NT 10.0; WOW64) AppleWebKit/537.36 (KHTML, like Gecko) Chrome/62.0.3202.94 Safari/537.36',
  'upgrade-insecure-requests' => '1',
  'accept' => 'text/html,application/xhtml+xml,application/xml;q=0.9,image/webp,image/apng,*/*;q=0.8',
  'accept-encoding' => 'gzip, deflate',
  'accept-language' => 'zh-CN,zh;q=0.9',
)
[ info ] [ PARAM ] array (
)
[ info ] [ RUN ] app\test\controller\Test->test[ /mnt/code/tp5/application/test/controller/Test.php ]
[ info ] [ DB ] INIT mysql
[ info ] [ VIEW ] /mnt/code/tp5/public/../application/test/view/test/test.html [ array (
  0 => 'data',
) ]
[ info ] [ LOG ] INIT File
[ sql ] [ DB ] CONNECT:[ UseTime:0.000525s ] mysql:host=127.0.0.1;port=3306;dbname=tptest1;charset=utf8
[ sql ] [ SQL ] SHOW COLUMNS FROM `testone` [ RunTime:0.000722s ]
[ sql ] [ SQL ] SELECT * FROM `testone` LIMIT 1 [ RunTime:0.000296s ]
---------------------------------------------------------------
[ 2018-01-31T23:17:15+08:00 ] 14.130.168.34 GET /tp5/public/test/test/test
[ info ] 47.100.169.35/tp5/public/test/test/test [运行时间：0.004124s][吞吐率：242.47req/s] [内存消耗：405.09kb] [文件加载：52]
[ info ] [ LANG ] /mnt/code/tp5/thinkphp/lang/zh-cn.php
[ info ] [ ROUTE ] array (
  'type' => 'module',
  'module' => 
  array (
    0 => 'test',
    1 => 'test',
    2 => 'test',
  ),
)
[ info ] [ HEADER ] array (
  'host' => '47.100.169.35',
  'connection' => 'keep-alive',
  'cache-control' => 'max-age=0',
  'user-agent' => 'Mozilla/5.0 (Windows NT 10.0; WOW64) AppleWebKit/537.36 (KHTML, like Gecko) Chrome/62.0.3202.94 Safari/537.36',
  'upgrade-insecure-requests' => '1',
  'accept' => 'text/html,application/xhtml+xml,application/xml;q=0.9,image/webp,image/apng,*/*;q=0.8',
  'accept-encoding' => 'gzip, deflate',
  'accept-language' => 'zh-CN,zh;q=0.9',
)
[ info ] [ PARAM ] array (
)
[ info ] [ RUN ] app\test\controller\Test->test[ /mnt/code/tp5/application/test/controller/Test.php ]
[ info ] [ DB ] INIT mysql
[ info ] [ VIEW ] /mnt/code/tp5/public/../application/test/view/test/test.html [ array (
  0 => 'data',
) ]
[ info ] [ LOG ] INIT File
[ sql ] [ DB ] CONNECT:[ UseTime:0.000510s ] mysql:host=127.0.0.1;port=3306;dbname=tptest1;charset=utf8
[ sql ] [ SQL ] SHOW COLUMNS FROM `testone` [ RunTime:0.000739s ]
[ sql ] [ SQL ] SELECT * FROM `testone` LIMIT 1 [ RunTime:0.000305s ]
---------------------------------------------------------------
[ 2018-01-31T23:18:21+08:00 ] 14.130.168.34 GET /tp5/public/test/test/test
[ info ] 47.100.169.35/tp5/public/test/test/test [运行时间：0.003803s][吞吐率：262.95req/s] [内存消耗：385.38kb] [文件加载：52]
[ info ] [ LANG ] /mnt/code/tp5/thinkphp/lang/zh-cn.php
[ info ] [ ROUTE ] array (
  'type' => 'module',
  'module' => 
  array (
    0 => 'test',
    1 => 'test',
    2 => 'test',
  ),
)
[ info ] [ HEADER ] array (
  'host' => '47.100.169.35',
  'connection' => 'keep-alive',
  'cache-control' => 'max-age=0',
  'user-agent' => 'Mozilla/5.0 (Windows NT 10.0; WOW64) AppleWebKit/537.36 (KHTML, like Gecko) Chrome/62.0.3202.94 Safari/537.36',
  'upgrade-insecure-requests' => '1',
  'accept' => 'text/html,application/xhtml+xml,application/xml;q=0.9,image/webp,image/apng,*/*;q=0.8',
  'accept-encoding' => 'gzip, deflate',
  'accept-language' => 'zh-CN,zh;q=0.9',
)
[ info ] [ PARAM ] array (
)
[ info ] [ RUN ] app\test\controller\Test->test[ /mnt/code/tp5/application/test/controller/Test.php ]
[ info ] [ DB ] INIT mysql
[ info ] [ LOG ] INIT File
[ sql ] [ DB ] CONNECT:[ UseTime:0.000492s ] mysql:host=127.0.0.1;port=3306;dbname=tptest1;charset=utf8
[ sql ] [ SQL ] SHOW COLUMNS FROM `testone` [ RunTime:0.000689s ]
[ sql ] [ SQL ] SELECT * FROM `testone` LIMIT 1 [ RunTime:0.000261s ]
[ error ] [0]模板文件不存在:/mnt/code/tp5/public/../application/test/view/test/test.html[/mnt/code/tp5/thinkphp/library/think/view/driver/Think.php:80]
---------------------------------------------------------------
[ 2018-01-31T23:18:32+08:00 ] 14.130.168.34 GET /tp5/public/test/test/test
[ info ] 47.100.169.35/tp5/public/test/test/test [运行时间：0.005540s][吞吐率：180.50req/s] [内存消耗：405.09kb] [文件加载：52]
[ info ] [ LANG ] /mnt/code/tp5/thinkphp/lang/zh-cn.php
[ info ] [ ROUTE ] array (
  'type' => 'module',
  'module' => 
  array (
    0 => 'test',
    1 => 'test',
    2 => 'test',
  ),
)
[ info ] [ HEADER ] array (
  'host' => '47.100.169.35',
  'connection' => 'keep-alive',
  'cache-control' => 'max-age=0',
  'user-agent' => 'Mozilla/5.0 (Windows NT 10.0; WOW64) AppleWebKit/537.36 (KHTML, like Gecko) Chrome/62.0.3202.94 Safari/537.36',
  'upgrade-insecure-requests' => '1',
  'accept' => 'text/html,application/xhtml+xml,application/xml;q=0.9,image/webp,image/apng,*/*;q=0.8',
  'accept-encoding' => 'gzip, deflate',
  'accept-language' => 'zh-CN,zh;q=0.9',
)
[ info ] [ PARAM ] array (
)
[ info ] [ RUN ] app\test\controller\Test->test[ /mnt/code/tp5/application/test/controller/Test.php ]
[ info ] [ DB ] INIT mysql
[ info ] [ VIEW ] /mnt/code/tp5/public/../application/test/view/test/test.html [ array (
  0 => 'data',
) ]
[ info ] [ LOG ] INIT File
[ sql ] [ DB ] CONNECT:[ UseTime:0.000696s ] mysql:host=127.0.0.1;port=3306;dbname=tptest1;charset=utf8
[ sql ] [ SQL ] SHOW COLUMNS FROM `testone` [ RunTime:0.001102s ]
[ sql ] [ SQL ] SELECT * FROM `testone` LIMIT 1 [ RunTime:0.000400s ]
