---------------------------------------------------------------
[ 2018-02-17T21:50:29+08:00 ] 114.242.250.16 GET /tp5/public/
[ info ] 47.100.169.35/tp5/public/ [运行时间：0.106832s][吞吐率：9.36req/s] [内存消耗：305.45kb] [文件加载：36]
[ info ] [ LANG ] /mnt/code/tp5/thinkphp/lang/zh-cn.php
[ info ] [ ROUTE ] array (
  'type' => 'module',
  'module' => 
  array (
    0 => '',
    1 => NULL,
    2 => NULL,
  ),
)
[ info ] [ HEADER ] array (
  'host' => '47.100.169.35',
  'upgrade-insecure-requests' => '1',
  'accept' => 'text/html,application/xhtml+xml,application/xml;q=0.9,*/*;q=0.8',
  'user-agent' => 'Mozilla/5.0 (iPhone; CPU iPhone OS 11_2_5 like Mac OS X) AppleWebKit/604.5.6 (KHTML, like Gecko) Version/11.0 Mobile/15D60 Safari/604.1',
  'accept-language' => 'zh-cn',
  'accept-encoding' => 'gzip, deflate',
  'connection' => 'keep-alive',
)
[ info ] [ PARAM ] array (
)
[ info ] [ RUN ] app\index\controller\Index->index[ /mnt/code/tp5/application/index/controller/Index.php ]
[ info ] [ LOG ] INIT File
