---------------------------------------------------------------
[ 2018-02-27T22:19:56+08:00 ] 61.148.244.30 GET /tp5/public/admin/user/add
[ info ] 47.100.169.35/tp5/public/admin/user/add [运行时间：0.023835s][吞吐率：41.96req/s] [内存消耗：1,439.80kb] [文件加载：39]
[ info ] [ LANG ] /mnt/code/tp5/thinkphp/lang/zh-cn.php
[ info ] [ ROUTE ] array (
  'type' => 'module',
  'module' => 
  array (
    0 => 'admin',
    1 => 'user',
    2 => 'add',
  ),
)
[ info ] [ HEADER ] array (
  'host' => '47.100.169.35',
  'connection' => 'keep-alive',
  'user-agent' => 'Mozilla/5.0 (Windows NT 10.0; WOW64) AppleWebKit/537.36 (KHTML, like Gecko) Chrome/62.0.3202.94 Safari/537.36',
  'upgrade-insecure-requests' => '1',
  'accept' => 'text/html,application/xhtml+xml,application/xml;q=0.9,image/webp,image/apng,*/*;q=0.8',
  'accept-encoding' => 'gzip, deflate',
  'accept-language' => 'zh-CN,zh;q=0.9',
)
[ info ] [ PARAM ] array (
)
[ info ] [ LOG ] INIT File
---------------------------------------------------------------
[ 2018-02-27T22:22:30+08:00 ] 61.148.244.30 GET /tp5/public/admin/user/add
[ info ] 47.100.169.35/tp5/public/admin/user/add [运行时间：0.018291s][吞吐率：54.67req/s] [内存消耗：1,439.88kb] [文件加载：39]
[ info ] [ LANG ] /mnt/code/tp5/thinkphp/lang/zh-cn.php
[ info ] [ ROUTE ] array (
  'type' => 'module',
  'module' => 
  array (
    0 => 'admin',
    1 => 'user',
    2 => 'add',
  ),
)
[ info ] [ HEADER ] array (
  'host' => '47.100.169.35',
  'connection' => 'keep-alive',
  'cache-control' => 'max-age=0',
  'user-agent' => 'Mozilla/5.0 (Windows NT 10.0; WOW64) AppleWebKit/537.36 (KHTML, like Gecko) Chrome/62.0.3202.94 Safari/537.36',
  'upgrade-insecure-requests' => '1',
  'accept' => 'text/html,application/xhtml+xml,application/xml;q=0.9,image/webp,image/apng,*/*;q=0.8',
  'accept-encoding' => 'gzip, deflate',
  'accept-language' => 'zh-CN,zh;q=0.9',
)
[ info ] [ PARAM ] array (
)
[ info ] [ LOG ] INIT File
---------------------------------------------------------------
[ 2018-02-27T22:28:24+08:00 ] 61.148.244.30 GET /tp5/public/admin/user/add
[ info ] 47.100.169.35/tp5/public/admin/user/add [运行时间：0.187645s][吞吐率：5.33req/s] [内存消耗：1,439.88kb] [文件加载：39]
[ info ] [ LANG ] /mnt/code/tp5/thinkphp/lang/zh-cn.php
[ info ] [ ROUTE ] array (
  'type' => 'module',
  'module' => 
  array (
    0 => 'admin',
    1 => 'user',
    2 => 'add',
  ),
)
[ info ] [ HEADER ] array (
  'host' => '47.100.169.35',
  'connection' => 'keep-alive',
  'cache-control' => 'max-age=0',
  'user-agent' => 'Mozilla/5.0 (Windows NT 10.0; WOW64) AppleWebKit/537.36 (KHTML, like Gecko) Chrome/62.0.3202.94 Safari/537.36',
  'upgrade-insecure-requests' => '1',
  'accept' => 'text/html,application/xhtml+xml,application/xml;q=0.9,image/webp,image/apng,*/*;q=0.8',
  'accept-encoding' => 'gzip, deflate',
  'accept-language' => 'zh-CN,zh;q=0.9',
)
[ info ] [ PARAM ] array (
)
[ info ] [ LOG ] INIT File
---------------------------------------------------------------
[ 2018-02-27T22:29:27+08:00 ] 61.148.244.30 GET /tp5/public/test/test/test
[ info ] 47.100.169.35/tp5/public/test/test/test [运行时间：0.233261s][吞吐率：4.29req/s] [内存消耗：2,764.56kb] [文件加载：52]
[ info ] [ LANG ] /mnt/code/tp5/thinkphp/lang/zh-cn.php
[ info ] [ ROUTE ] array (
  'type' => 'module',
  'module' => 
  array (
    0 => 'test',
    1 => 'test',
    2 => 'test',
  ),
)
[ info ] [ HEADER ] array (
  'host' => '47.100.169.35',
  'connection' => 'keep-alive',
  'user-agent' => 'Mozilla/5.0 (Windows NT 10.0; WOW64) AppleWebKit/537.36 (KHTML, like Gecko) Chrome/62.0.3202.94 Safari/537.36',
  'upgrade-insecure-requests' => '1',
  'accept' => 'text/html,application/xhtml+xml,application/xml;q=0.9,image/webp,image/apng,*/*;q=0.8',
  'accept-encoding' => 'gzip, deflate',
  'accept-language' => 'zh-CN,zh;q=0.9',
)
[ info ] [ PARAM ] array (
)
[ info ] [ RUN ] app\test\controller\Test->test[ /mnt/code/tp5/application/test/controller/Test.php ]
[ info ] [ DB ] INIT mysql
[ info ] [ VIEW ] /mnt/code/tp5/public/../application/test/view/test/test.html [ array (
  0 => 'data',
) ]
[ info ] [ LOG ] INIT File
[ sql ] [ DB ] CONNECT:[ UseTime:0.055271s ] mysql:host=127.0.0.1;port=3306;dbname=tptest1;charset=utf8
[ sql ] [ SQL ] SHOW COLUMNS FROM `testone` [ RunTime:0.100006s ]
[ sql ] [ SQL ] SELECT * FROM `testone` LIMIT 1 [ RunTime:0.001320s ]
---------------------------------------------------------------
[ 2018-02-27T22:32:41+08:00 ] 61.148.244.30 GET /tp5/public/admin
[ info ] 47.100.169.35/tp5/public/admin [运行时间：0.017950s][吞吐率：55.71req/s] [内存消耗：1,439.70kb] [文件加载：39]
[ info ] [ LANG ] /mnt/code/tp5/thinkphp/lang/zh-cn.php
[ info ] [ ROUTE ] array (
  'type' => 'module',
  'module' => 
  array (
    0 => 'admin',
    1 => NULL,
    2 => NULL,
  ),
)
[ info ] [ HEADER ] array (
  'host' => '47.100.169.35',
  'connection' => 'keep-alive',
  'user-agent' => 'Mozilla/5.0 (Windows NT 10.0; WOW64) AppleWebKit/537.36 (KHTML, like Gecko) Chrome/62.0.3202.94 Safari/537.36',
  'upgrade-insecure-requests' => '1',
  'accept' => 'text/html,application/xhtml+xml,application/xml;q=0.9,image/webp,image/apng,*/*;q=0.8',
  'accept-encoding' => 'gzip, deflate',
  'accept-language' => 'zh-CN,zh;q=0.9',
)
[ info ] [ PARAM ] array (
)
[ info ] [ LOG ] INIT File
---------------------------------------------------------------
[ 2018-02-27T22:37:16+08:00 ] 61.148.244.30 GET /tp5/public/admin/user/add
[ info ] 47.100.169.35/tp5/public/admin/user/add [运行时间：0.015274s][吞吐率：65.47req/s] [内存消耗：1,439.88kb] [文件加载：39]
[ info ] [ LANG ] /mnt/code/tp5/thinkphp/lang/zh-cn.php
[ info ] [ ROUTE ] array (
  'type' => 'module',
  'module' => 
  array (
    0 => 'admin',
    1 => 'user',
    2 => 'add',
  ),
)
[ info ] [ HEADER ] array (
  'host' => '47.100.169.35',
  'connection' => 'keep-alive',
  'cache-control' => 'max-age=0',
  'user-agent' => 'Mozilla/5.0 (Windows NT 10.0; WOW64) AppleWebKit/537.36 (KHTML, like Gecko) Chrome/62.0.3202.94 Safari/537.36',
  'upgrade-insecure-requests' => '1',
  'accept' => 'text/html,application/xhtml+xml,application/xml;q=0.9,image/webp,image/apng,*/*;q=0.8',
  'accept-encoding' => 'gzip, deflate',
  'accept-language' => 'zh-CN,zh;q=0.9',
)
[ info ] [ PARAM ] array (
)
[ info ] [ LOG ] INIT File
---------------------------------------------------------------
[ 2018-02-27T22:39:15+08:00 ] 61.148.244.30 GET /tp5/public/admin/user/add
[ info ] 47.100.169.35/tp5/public/admin/user/add [运行时间：0.017045s][吞吐率：58.67req/s] [内存消耗：1,439.88kb] [文件加载：39]
[ info ] [ LANG ] /mnt/code/tp5/thinkphp/lang/zh-cn.php
[ info ] [ ROUTE ] array (
  'type' => 'module',
  'module' => 
  array (
    0 => 'admin',
    1 => 'user',
    2 => 'add',
  ),
)
[ info ] [ HEADER ] array (
  'host' => '47.100.169.35',
  'connection' => 'keep-alive',
  'cache-control' => 'max-age=0',
  'user-agent' => 'Mozilla/5.0 (Windows NT 10.0; WOW64) AppleWebKit/537.36 (KHTML, like Gecko) Chrome/62.0.3202.94 Safari/537.36',
  'upgrade-insecure-requests' => '1',
  'accept' => 'text/html,application/xhtml+xml,application/xml;q=0.9,image/webp,image/apng,*/*;q=0.8',
  'accept-encoding' => 'gzip, deflate',
  'accept-language' => 'zh-CN,zh;q=0.9',
)
[ info ] [ PARAM ] array (
)
[ info ] [ LOG ] INIT File
---------------------------------------------------------------
[ 2018-02-27T22:40:20+08:00 ] 61.148.244.30 GET /tp5/public/admin/user/add
[ info ] 47.100.169.35/tp5/public/admin/user/add [运行时间：0.018466s][吞吐率：54.15req/s] [内存消耗：1,439.88kb] [文件加载：39]
[ info ] [ LANG ] /mnt/code/tp5/thinkphp/lang/zh-cn.php
[ info ] [ ROUTE ] array (
  'type' => 'module',
  'module' => 
  array (
    0 => 'admin',
    1 => 'user',
    2 => 'add',
  ),
)
[ info ] [ HEADER ] array (
  'host' => '47.100.169.35',
  'connection' => 'keep-alive',
  'cache-control' => 'max-age=0',
  'user-agent' => 'Mozilla/5.0 (Windows NT 10.0; WOW64) AppleWebKit/537.36 (KHTML, like Gecko) Chrome/62.0.3202.94 Safari/537.36',
  'upgrade-insecure-requests' => '1',
  'accept' => 'text/html,application/xhtml+xml,application/xml;q=0.9,image/webp,image/apng,*/*;q=0.8',
  'accept-encoding' => 'gzip, deflate',
  'accept-language' => 'zh-CN,zh;q=0.9',
)
[ info ] [ PARAM ] array (
)
[ info ] [ LOG ] INIT File
---------------------------------------------------------------
[ 2018-02-27T22:44:43+08:00 ] 61.148.244.30 GET /tp5/public/admin/user/add
[ info ] 47.100.169.35/tp5/public/admin/user/add [运行时间：0.018854s][吞吐率：53.04req/s] [内存消耗：1,439.88kb] [文件加载：39]
[ info ] [ LANG ] /mnt/code/tp5/thinkphp/lang/zh-cn.php
[ info ] [ ROUTE ] array (
  'type' => 'module',
  'module' => 
  array (
    0 => 'admin',
    1 => 'user',
    2 => 'add',
  ),
)
[ info ] [ HEADER ] array (
  'host' => '47.100.169.35',
  'connection' => 'keep-alive',
  'cache-control' => 'max-age=0',
  'user-agent' => 'Mozilla/5.0 (Windows NT 10.0; WOW64) AppleWebKit/537.36 (KHTML, like Gecko) Chrome/62.0.3202.94 Safari/537.36',
  'upgrade-insecure-requests' => '1',
  'accept' => 'text/html,application/xhtml+xml,application/xml;q=0.9,image/webp,image/apng,*/*;q=0.8',
  'accept-encoding' => 'gzip, deflate',
  'accept-language' => 'zh-CN,zh;q=0.9',
)
[ info ] [ PARAM ] array (
)
[ info ] [ LOG ] INIT File
---------------------------------------------------------------
[ 2018-02-27T22:45:23+08:00 ] 61.148.244.30 GET /tp5/public/admin/user/add
[ info ] 47.100.169.35/tp5/public/admin/user/add [运行时间：0.021766s][吞吐率：45.94req/s] [内存消耗：1,752.32kb] [文件加载：42]
[ info ] [ LANG ] /mnt/code/tp5/thinkphp/lang/zh-cn.php
[ info ] [ ROUTE ] array (
  'type' => 'module',
  'module' => 
  array (
    0 => 'admin',
    1 => 'user',
    2 => 'add',
  ),
)
[ info ] [ HEADER ] array (
  'host' => '47.100.169.35',
  'connection' => 'keep-alive',
  'cache-control' => 'max-age=0',
  'user-agent' => 'Mozilla/5.0 (Windows NT 10.0; WOW64) AppleWebKit/537.36 (KHTML, like Gecko) Chrome/62.0.3202.94 Safari/537.36',
  'upgrade-insecure-requests' => '1',
  'accept' => 'text/html,application/xhtml+xml,application/xml;q=0.9,image/webp,image/apng,*/*;q=0.8',
  'accept-encoding' => 'gzip, deflate',
  'accept-language' => 'zh-CN,zh;q=0.9',
)
[ info ] [ PARAM ] array (
)
[ info ] [ RUN ] app\admin\controller\User->add[ /mnt/code/tp5/application/admin/controller/User.php ]
[ info ] [ LOG ] INIT File
---------------------------------------------------------------
[ 2018-02-27T22:46:02+08:00 ] 61.148.244.30 GET /tp5/public/admin/user/add
[ info ] 47.100.169.35/tp5/public/admin/user/add [运行时间：0.034440s][吞吐率：29.04req/s] [内存消耗：1,787.77kb] [文件加载：45]
[ info ] [ LANG ] /mnt/code/tp5/thinkphp/lang/zh-cn.php
[ info ] [ ROUTE ] array (
  'type' => 'module',
  'module' => 
  array (
    0 => 'admin',
    1 => 'user',
    2 => 'add',
  ),
)
[ info ] [ HEADER ] array (
  'host' => '47.100.169.35',
  'connection' => 'keep-alive',
  'cache-control' => 'max-age=0',
  'user-agent' => 'Mozilla/5.0 (Windows NT 10.0; WOW64) AppleWebKit/537.36 (KHTML, like Gecko) Chrome/62.0.3202.94 Safari/537.36',
  'upgrade-insecure-requests' => '1',
  'accept' => 'text/html,application/xhtml+xml,application/xml;q=0.9,image/webp,image/apng,*/*;q=0.8',
  'accept-encoding' => 'gzip, deflate',
  'accept-language' => 'zh-CN,zh;q=0.9',
)
[ info ] [ PARAM ] array (
)
[ info ] [ RUN ] app\admin\controller\User->add[ /mnt/code/tp5/application/admin/controller/User.php ]
[ info ] [ LOG ] INIT File
[ error ] [0]模板文件不存在:/mnt/code/tp5/public/../application/admin/view/user/add.html[/mnt/code/tp5/thinkphp/library/think/view/driver/Think.php:80]
---------------------------------------------------------------
[ 2018-02-27T22:53:59+08:00 ] 61.148.244.30 GET /tp5/public/admin/user/add
[ info ] 47.100.169.35/tp5/public/admin/user/add [运行时间：0.027306s][吞吐率：36.62req/s] [内存消耗：1,787.77kb] [文件加载：45]
[ info ] [ LANG ] /mnt/code/tp5/thinkphp/lang/zh-cn.php
[ info ] [ ROUTE ] array (
  'type' => 'module',
  'module' => 
  array (
    0 => 'admin',
    1 => 'user',
    2 => 'add',
  ),
)
[ info ] [ HEADER ] array (
  'host' => '47.100.169.35',
  'connection' => 'keep-alive',
  'cache-control' => 'max-age=0',
  'user-agent' => 'Mozilla/5.0 (Windows NT 10.0; WOW64) AppleWebKit/537.36 (KHTML, like Gecko) Chrome/62.0.3202.94 Safari/537.36',
  'upgrade-insecure-requests' => '1',
  'accept' => 'text/html,application/xhtml+xml,application/xml;q=0.9,image/webp,image/apng,*/*;q=0.8',
  'accept-encoding' => 'gzip, deflate',
  'accept-language' => 'zh-CN,zh;q=0.9',
)
[ info ] [ PARAM ] array (
)
[ info ] [ RUN ] app\admin\controller\User->add[ /mnt/code/tp5/application/admin/controller/User.php ]
[ info ] [ LOG ] INIT File
[ error ] [0]模板文件不存在:/mnt/code/tp5/public/../application/admin/view/user/add.html[/mnt/code/tp5/thinkphp/library/think/view/driver/Think.php:80]
---------------------------------------------------------------
[ 2018-02-27T23:01:07+08:00 ] 61.148.244.30 GET /tp5/public/admin/user/add
[ info ] 47.100.169.35/tp5/public/admin/user/add [运行时间：0.027094s][吞吐率：36.91req/s] [内存消耗：1,909.00kb] [文件加载：45]
[ info ] [ LANG ] /mnt/code/tp5/thinkphp/lang/zh-cn.php
[ info ] [ ROUTE ] array (
  'type' => 'module',
  'module' => 
  array (
    0 => 'admin',
    1 => 'user',
    2 => 'add',
  ),
)
[ info ] [ HEADER ] array (
  'host' => '47.100.169.35',
  'connection' => 'keep-alive',
  'cache-control' => 'max-age=0',
  'user-agent' => 'Mozilla/5.0 (Windows NT 10.0; WOW64) AppleWebKit/537.36 (KHTML, like Gecko) Chrome/62.0.3202.94 Safari/537.36',
  'upgrade-insecure-requests' => '1',
  'accept' => 'text/html,application/xhtml+xml,application/xml;q=0.9,image/webp,image/apng,*/*;q=0.8',
  'accept-encoding' => 'gzip, deflate',
  'accept-language' => 'zh-CN,zh;q=0.9',
)
[ info ] [ PARAM ] array (
)
[ info ] [ RUN ] app\admin\controller\User->add[ /mnt/code/tp5/application/admin/controller/User.php ]
[ info ] [ VIEW ] /mnt/code/tp5/public/../application/admin/view/user/add.html [ array (
) ]
[ info ] [ LOG ] INIT File
---------------------------------------------------------------
[ 2018-02-27T23:02:42+08:00 ] 61.148.244.30 GET /tp5/public/admin/user/view
[ info ] 47.100.169.35/tp5/public/admin/user/view [运行时间：0.021778s][吞吐率：45.92req/s] [内存消耗：1,909.00kb] [文件加载：45]
[ info ] [ LANG ] /mnt/code/tp5/thinkphp/lang/zh-cn.php
[ info ] [ ROUTE ] array (
  'type' => 'module',
  'module' => 
  array (
    0 => 'admin',
    1 => 'user',
    2 => 'view',
  ),
)
[ info ] [ HEADER ] array (
  'host' => '47.100.169.35',
  'connection' => 'keep-alive',
  'user-agent' => 'Mozilla/5.0 (Windows NT 10.0; WOW64) AppleWebKit/537.36 (KHTML, like Gecko) Chrome/62.0.3202.94 Safari/537.36',
  'upgrade-insecure-requests' => '1',
  'accept' => 'text/html,application/xhtml+xml,application/xml;q=0.9,image/webp,image/apng,*/*;q=0.8',
  'accept-encoding' => 'gzip, deflate',
  'accept-language' => 'zh-CN,zh;q=0.9',
)
[ info ] [ PARAM ] array (
)
[ info ] [ RUN ] app\admin\controller\User->view[ /mnt/code/tp5/application/admin/controller/User.php ]
[ info ] [ VIEW ] /mnt/code/tp5/public/../application/admin/view/user/view.html [ array (
) ]
[ info ] [ LOG ] INIT File
---------------------------------------------------------------
[ 2018-02-27T23:02:47+08:00 ] 61.148.244.30 GET /tp5/public/admin/user/edit
[ info ] 47.100.169.35/tp5/public/admin/user/edit [运行时间：0.023434s][吞吐率：42.67req/s] [内存消耗：1,909.00kb] [文件加载：45]
[ info ] [ LANG ] /mnt/code/tp5/thinkphp/lang/zh-cn.php
[ info ] [ ROUTE ] array (
  'type' => 'module',
  'module' => 
  array (
    0 => 'admin',
    1 => 'user',
    2 => 'edit',
  ),
)
[ info ] [ HEADER ] array (
  'host' => '47.100.169.35',
  'connection' => 'keep-alive',
  'user-agent' => 'Mozilla/5.0 (Windows NT 10.0; WOW64) AppleWebKit/537.36 (KHTML, like Gecko) Chrome/62.0.3202.94 Safari/537.36',
  'upgrade-insecure-requests' => '1',
  'accept' => 'text/html,application/xhtml+xml,application/xml;q=0.9,image/webp,image/apng,*/*;q=0.8',
  'accept-encoding' => 'gzip, deflate',
  'accept-language' => 'zh-CN,zh;q=0.9',
)
[ info ] [ PARAM ] array (
)
[ info ] [ RUN ] app\admin\controller\User->edit[ /mnt/code/tp5/application/admin/controller/User.php ]
[ info ] [ VIEW ] /mnt/code/tp5/public/../application/admin/view/user/edit.html [ array (
) ]
[ info ] [ LOG ] INIT File
---------------------------------------------------------------
[ 2018-02-27T23:41:06+08:00 ] 61.148.244.30 GET /tp5/public/admin/user/view
[ info ] 47.100.169.35/tp5/public/admin/user/view [运行时间：0.021111s][吞吐率：47.37req/s] [内存消耗：1,754.07kb] [文件加载：43]
[ info ] [ LANG ] /mnt/code/tp5/thinkphp/lang/zh-cn.php
[ info ] [ ROUTE ] array (
  'type' => 'module',
  'module' => 
  array (
    0 => 'admin',
    1 => 'user',
    2 => 'view',
  ),
)
[ info ] [ HEADER ] array (
  'host' => '47.100.169.35',
  'connection' => 'keep-alive',
  'user-agent' => 'Mozilla/5.0 (Windows NT 10.0; WOW64) AppleWebKit/537.36 (KHTML, like Gecko) Chrome/62.0.3202.94 Safari/537.36',
  'upgrade-insecure-requests' => '1',
  'accept' => 'text/html,application/xhtml+xml,application/xml;q=0.9,image/webp,image/apng,*/*;q=0.8',
  'accept-encoding' => 'gzip, deflate',
  'accept-language' => 'zh-CN,zh;q=0.9',
)
[ info ] [ PARAM ] array (
)
[ info ] [ RUN ] app\admin\controller\User->view[ /mnt/code/tp5/application/admin/controller/User.php ]
[ info ] [ VIEW ] /mnt/code/tp5/public/../application/admin/view/user/view.html [ array (
) ]
[ info ] [ LOG ] INIT File
---------------------------------------------------------------
[ 2018-02-27T23:43:24+08:00 ] 113.45.248.36 GET /tp5/public/test/test/test
[ info ] 47.100.169.35/tp5/public/test/test/test [运行时间：0.046518s][吞吐率：21.50req/s] [内存消耗：2,545.65kb] [文件加载：50]
[ info ] [ LANG ] /mnt/code/tp5/thinkphp/lang/zh-cn.php
[ info ] [ ROUTE ] array (
  'type' => 'module',
  'module' => 
  array (
    0 => 'test',
    1 => 'test',
    2 => 'test',
  ),
)
[ info ] [ HEADER ] array (
  'host' => '47.100.169.35',
  'connection' => 'keep-alive',
  'cache-control' => 'max-age=0',
  'user-agent' => 'Mozilla/5.0 (Windows NT 10.0; WOW64) AppleWebKit/537.36 (KHTML, like Gecko) Chrome/62.0.3202.94 Safari/537.36',
  'upgrade-insecure-requests' => '1',
  'accept' => 'text/html,application/xhtml+xml,application/xml;q=0.9,image/webp,image/apng,*/*;q=0.8',
  'accept-encoding' => 'gzip, deflate',
  'accept-language' => 'zh-CN,zh;q=0.9',
)
[ info ] [ PARAM ] array (
)
[ info ] [ RUN ] app\test\controller\Test->test[ /mnt/code/tp5/application/test/controller/Test.php ]
[ info ] [ DB ] INIT mysql
[ info ] [ VIEW ] /mnt/code/tp5/public/../application/test/view/test/test.html [ array (
  0 => 'data',
) ]
[ info ] [ LOG ] INIT File
[ sql ] [ DB ] CONNECT:[ UseTime:0.005144s ] mysql:host=127.0.0.1;port=3306;dbname=tptest1;charset=utf8
[ sql ] [ SQL ] SHOW COLUMNS FROM `testone` [ RunTime:0.007291s ]
[ sql ] [ SQL ] SELECT * FROM `testone` LIMIT 1 [ RunTime:0.000753s ]
---------------------------------------------------------------
[ 2018-02-27T23:59:45+08:00 ] 113.45.248.36 GET /tp5/public/admin/user/add
[ info ] 47.100.169.35/tp5/public/admin/user/add [运行时间：0.021501s][吞吐率：46.51req/s] [内存消耗：1,909.36kb] [文件加载：45]
[ info ] [ LANG ] /mnt/code/tp5/thinkphp/lang/zh-cn.php
[ info ] [ ROUTE ] array (
  'type' => 'module',
  'module' => 
  array (
    0 => 'admin',
    1 => 'user',
    2 => 'add',
  ),
)
[ info ] [ HEADER ] array (
  'host' => '47.100.169.35',
  'connection' => 'keep-alive',
  'user-agent' => 'Mozilla/5.0 (Windows NT 10.0; WOW64) AppleWebKit/537.36 (KHTML, like Gecko) Chrome/62.0.3202.94 Safari/537.36',
  'upgrade-insecure-requests' => '1',
  'accept' => 'text/html,application/xhtml+xml,application/xml;q=0.9,image/webp,image/apng,*/*;q=0.8',
  'accept-encoding' => 'gzip, deflate',
  'accept-language' => 'zh-CN,zh;q=0.9',
)
[ info ] [ PARAM ] array (
)
[ info ] [ RUN ] app\admin\controller\User->add[ /mnt/code/tp5/application/admin/controller/User.php ]
[ info ] [ VIEW ] /mnt/code/tp5/public/../application/admin/view/user/add.html [ array (
) ]
[ info ] [ LOG ] INIT File
---------------------------------------------------------------
[ 2018-02-27T23:59:53+08:00 ] 113.45.248.36 GET /tp5/public/admin/user/add?
[ info ] 47.100.169.35/tp5/public/admin/user/add? [运行时间：0.026280s][吞吐率：38.05req/s] [内存消耗：1,754.30kb] [文件加载：43]
[ info ] [ LANG ] /mnt/code/tp5/thinkphp/lang/zh-cn.php
[ info ] [ ROUTE ] array (
  'type' => 'module',
  'module' => 
  array (
    0 => 'admin',
    1 => 'user',
    2 => 'add',
  ),
)
[ info ] [ HEADER ] array (
  'host' => '47.100.169.35',
  'connection' => 'keep-alive',
  'upgrade-insecure-requests' => '1',
  'user-agent' => 'Mozilla/5.0 (Windows NT 10.0; WOW64) AppleWebKit/537.36 (KHTML, like Gecko) Chrome/62.0.3202.94 Safari/537.36',
  'accept' => 'text/html,application/xhtml+xml,application/xml;q=0.9,image/webp,image/apng,*/*;q=0.8',
  'referer' => 'http://47.100.169.35/tp5/public/admin/user/add',
  'accept-encoding' => 'gzip, deflate',
  'accept-language' => 'zh-CN,zh;q=0.9',
)
[ info ] [ PARAM ] array (
)
[ info ] [ RUN ] app\admin\controller\User->add[ /mnt/code/tp5/application/admin/controller/User.php ]
[ info ] [ VIEW ] /mnt/code/tp5/public/../application/admin/view/user/add.html [ array (
) ]
[ info ] [ LOG ] INIT File
---------------------------------------------------------------
[ 2018-02-27T23:59:53+08:00 ] 113.45.248.36 GET /tp5/public/admin/user/add?
[ info ] 47.100.169.35/tp5/public/admin/user/add? [运行时间：0.023232s][吞吐率：43.04req/s] [内存消耗：1,754.30kb] [文件加载：43]
[ info ] [ LANG ] /mnt/code/tp5/thinkphp/lang/zh-cn.php
[ info ] [ ROUTE ] array (
  'type' => 'module',
  'module' => 
  array (
    0 => 'admin',
    1 => 'user',
    2 => 'add',
  ),
)
[ info ] [ HEADER ] array (
  'host' => '47.100.169.35',
  'connection' => 'keep-alive',
  'upgrade-insecure-requests' => '1',
  'user-agent' => 'Mozilla/5.0 (Windows NT 10.0; WOW64) AppleWebKit/537.36 (KHTML, like Gecko) Chrome/62.0.3202.94 Safari/537.36',
  'accept' => 'text/html,application/xhtml+xml,application/xml;q=0.9,image/webp,image/apng,*/*;q=0.8',
  'referer' => 'http://47.100.169.35/tp5/public/admin/user/add?',
  'accept-encoding' => 'gzip, deflate',
  'accept-language' => 'zh-CN,zh;q=0.9',
)
[ info ] [ PARAM ] array (
)
[ info ] [ RUN ] app\admin\controller\User->add[ /mnt/code/tp5/application/admin/controller/User.php ]
[ info ] [ VIEW ] /mnt/code/tp5/public/../application/admin/view/user/add.html [ array (
) ]
[ info ] [ LOG ] INIT File
